{
  "/Users/zhengpeixin/Documents/me/markdown-design/packages/vue-markdown-design/cypress/support/commands.ts": {
    "path": "/Users/zhengpeixin/Documents/me/markdown-design/packages/vue-markdown-design/cypress/support/commands.ts",
    "statementMap": {},
    "fnMap": {},
    "branchMap": {},
    "s": {},
    "f": {},
    "b": {},
    "inputSourceMap": {
      "version": 3,
      "sources": [
        "/Users/zhengpeixin/Documents/me/markdown-design/packages/vue-markdown-design/cypress/support/commands.ts"
      ],
      "mappings": "AAsCA;",
      "names": []
    },
    "_coverageSchema": "1a1c01bbd47fc00a2c39e90264f33305004495a9",
    "hash": "88d966acfc9dd2867bb81218d0e1d61e3f9f6ac3"
  },
  "/Users/zhengpeixin/Documents/me/markdown-design/packages/vue-markdown-design/cypress/plugins/chai-boundary/chai-boundary.ts": {
    "path": "/Users/zhengpeixin/Documents/me/markdown-design/packages/vue-markdown-design/cypress/plugins/chai-boundary/chai-boundary.ts",
    "statementMap": {
      "0": {
        "start": {
          "line": 1,
          "column": 28
        },
        "end": {
          "line": 27,
          "column": 1
        }
      },
      "1": {
        "start": {
          "line": 2,
          "column": 2
        },
        "end": {
          "line": 18,
          "column": 5
        }
      },
      "2": {
        "start": {
          "line": 3,
          "column": 4
        },
        "end": {
          "line": 17,
          "column": 6
        }
      },
      "3": {
        "start": {
          "line": 4,
          "column": 25
        },
        "end": {
          "line": 4,
          "column": 53
        }
      },
      "4": {
        "start": {
          "line": 5,
          "column": 17
        },
        "end": {
          "line": 5,
          "column": 33
        }
      },
      "5": {
        "start": {
          "line": 6,
          "column": 6
        },
        "end": {
          "line": 16,
          "column": 7
        }
      },
      "6": {
        "start": {
          "line": 7,
          "column": 21
        },
        "end": {
          "line": 7,
          "column": 47
        }
      },
      "7": {
        "start": {
          "line": 8,
          "column": 8
        },
        "end": {
          "line": 13,
          "column": 10
        }
      },
      "8": {
        "start": {
          "line": 15,
          "column": 8
        },
        "end": {
          "line": 15,
          "column": 45
        }
      },
      "9": {
        "start": {
          "line": 19,
          "column": 2
        },
        "end": {
          "line": 26,
          "column": 4
        }
      },
      "10": {
        "start": {
          "line": 24,
          "column": 6
        },
        "end": {
          "line": 24,
          "column": 41
        }
      }
    },
    "fnMap": {
      "0": {
        "name": "(anonymous_0)",
        "decl": {
          "start": {
            "line": 1,
            "column": 28
          },
          "end": {
            "line": 1,
            "column": 29
          }
        },
        "loc": {
          "start": {
            "line": 1,
            "column": 46
          },
          "end": {
            "line": 27,
            "column": 1
          }
        },
        "line": 1
      },
      "1": {
        "name": "(anonymous_1)",
        "decl": {
          "start": {
            "line": 2,
            "column": 45
          },
          "end": {
            "line": 2,
            "column": 46
          }
        },
        "loc": {
          "start": {
            "line": 2,
            "column": 62
          },
          "end": {
            "line": 18,
            "column": 3
          }
        },
        "line": 2
      },
      "2": {
        "name": "(anonymous_2)",
        "decl": {
          "start": {
            "line": 3,
            "column": 11
          },
          "end": {
            "line": 3,
            "column": 12
          }
        },
        "loc": {
          "start": {
            "line": 3,
            "column": 38
          },
          "end": {
            "line": 17,
            "column": 5
          }
        },
        "line": 3
      },
      "3": {
        "name": "(anonymous_3)",
        "decl": {
          "start": {
            "line": 21,
            "column": 4
          },
          "end": {
            "line": 21,
            "column": 5
          }
        },
        "loc": {
          "start": {
            "line": 21,
            "column": 15
          },
          "end": {
            "line": 22,
            "column": 5
          }
        },
        "line": 21
      },
      "4": {
        "name": "(anonymous_4)",
        "decl": {
          "start": {
            "line": 23,
            "column": 4
          },
          "end": {
            "line": 23,
            "column": 5
          }
        },
        "loc": {
          "start": {
            "line": 23,
            "column": 15
          },
          "end": {
            "line": 25,
            "column": 5
          }
        },
        "line": 23
      }
    },
    "branchMap": {
      "0": {
        "loc": {
          "start": {
            "line": 6,
            "column": 6
          },
          "end": {
            "line": 16,
            "column": 7
          }
        },
        "type": "if",
        "locations": [
          {
            "start": {
              "line": 6,
              "column": 6
            },
            "end": {
              "line": 16,
              "column": 7
            }
          },
          {
            "start": {
              "line": 14,
              "column": 13
            },
            "end": {
              "line": 16,
              "column": 7
            }
          }
        ],
        "line": 6
      },
      "1": {
        "loc": {
          "start": {
            "line": 6,
            "column": 10
          },
          "end": {
            "line": 6,
            "column": 49
          }
        },
        "type": "binary-expr",
        "locations": [
          {
            "start": {
              "line": 6,
              "column": 10
            },
            "end": {
              "line": 6,
              "column": 20
            }
          },
          {
            "start": {
              "line": 6,
              "column": 24
            },
            "end": {
              "line": 6,
              "column": 49
            }
          }
        ],
        "line": 6
      }
    },
    "s": {
      "0": 198,
      "1": 198,
      "2": 2713,
      "3": 2713,
      "4": 2713,
      "5": 2713,
      "6": 1729,
      "7": 1729,
      "8": 984,
      "9": 198,
      "10": 2713
    },
    "f": {
      "0": 198,
      "1": 2713,
      "2": 2713,
      "3": 0,
      "4": 2713
    },
    "b": {
      "0": [
        1729,
        984
      ],
      "1": [
        2713,
        2713
      ]
    },
    "inputSourceMap": {
      "version": 3,
      "sources": [
        "/Users/zhengpeixin/Documents/me/markdown-design/packages/vue-markdown-design/cypress/plugins/chai-boundary/chai-boundary.ts"
      ],
      "mappings": "AAEO,aAAM,eAAgC,CAAC,OAAO,UAAU;AAC7D,QAAM,UAAU,gBAAgB,WAAW,SAAU,QAAQ;AAC3D,WAAO,SAAsC,YAA6B,MAAa;AACrF,YAAM,aAAa,MAAM,KAAK,MAAM,UAAU;AAC9C,YAAM,KAAK,KAAK,KAAK,IAAI,CAAC;AAC1B,UAAI,cAAc,cAAc,aAAa;AAC3C,cAAM,OAAO,GAAG,sBAAsB;AACtC,aAAK;AAAA,UACH,QAAQ,IAAI;AAAA,UACZ;AAAA,UACA;AAAA,UACA;AAAA,QACF;AAAA,MACF,OAAO;AACL,eAAO,MAAM,MAAM,SAAS,GAAG,IAAI;AAAA,MACrC;AAAA,IACF;AAAA,EACF,CAAC;AACD,QAAM,UAAU;AAAA,IACd;AAAA,IACA,WAAY;AAAA,IAAC;AAAA,IACb,WAAsC;AACpC,YAAM,KAAK,MAAM,YAAY,IAAI;AAAA,IACnC;AAAA,EACF;AACF;",
      "names": []
    },
    "_coverageSchema": "1a1c01bbd47fc00a2c39e90264f33305004495a9",
    "hash": "b1987a85fbddfa4218f9c86f633698d0c08a8be4"
  },
  "/Users/zhengpeixin/Documents/me/markdown-design/packages/vue-markdown-design/cypress/support/component.ts": {
    "path": "/Users/zhengpeixin/Documents/me/markdown-design/packages/vue-markdown-design/cypress/support/component.ts",
    "statementMap": {
      "0": {
        "start": {
          "line": 6,
          "column": 0
        },
        "end": {
          "line": 6,
          "column": 37
        }
      },
      "1": {
        "start": {
          "line": 7,
          "column": 0
        },
        "end": {
          "line": 7,
          "column": 23
        }
      }
    },
    "fnMap": {},
    "branchMap": {},
    "s": {
      "0": 198,
      "1": 198
    },
    "f": {},
    "b": {},
    "inputSourceMap": {
      "version": 3,
      "sources": [
        "/Users/zhengpeixin/Documents/me/markdown-design/packages/vue-markdown-design/cypress/support/component.ts"
      ],
      "mappings": "AAgBA,OAAO;AAMP,OAAO;AAEP,SAAS,aAAa;AAGtB,OAAO;AAEP,SAAS,oBAAoB;AA0B7B,QAAQ,SAAS,IAAI,SAAS,KAAK;AAKnC,KAAK,IAAI,YAAY;",
      "names": []
    },
    "_coverageSchema": "1a1c01bbd47fc00a2c39e90264f33305004495a9",
    "hash": "63fb8f95d154f693a2ece0746f444acdb9d34a87"
  },
  "/Users/zhengpeixin/Documents/me/markdown-design/packages/vue-markdown-design/src/utils/format.ts": {
    "path": "/Users/zhengpeixin/Documents/me/markdown-design/packages/vue-markdown-design/src/utils/format.ts",
    "statementMap": {
      "0": {
        "start": {
          "line": 2,
          "column": 46
        },
        "end": {
          "line": 2,
          "column": 92
        }
      },
      "1": {
        "start": {
          "line": 4,
          "column": 14
        },
        "end": {
          "line": 4,
          "column": 21
        }
      },
      "2": {
        "start": {
          "line": 5,
          "column": 13
        },
        "end": {
          "line": 5,
          "column": 14
        }
      },
      "3": {
        "start": {
          "line": 6,
          "column": 2
        },
        "end": {
          "line": 10,
          "column": 3
        }
      },
      "4": {
        "start": {
          "line": 7,
          "column": 4
        },
        "end": {
          "line": 7,
          "column": 18
        }
      },
      "5": {
        "start": {
          "line": 8,
          "column": 9
        },
        "end": {
          "line": 10,
          "column": 3
        }
      },
      "6": {
        "start": {
          "line": 9,
          "column": 4
        },
        "end": {
          "line": 9,
          "column": 19
        }
      },
      "7": {
        "start": {
          "line": 11,
          "column": 2
        },
        "end": {
          "line": 14,
          "column": 4
        }
      },
      "8": {
        "start": {
          "line": 17,
          "column": 2
        },
        "end": {
          "line": 17,
          "column": 62
        }
      },
      "9": {
        "start": {
          "line": 17,
          "column": 36
        },
        "end": {
          "line": 17,
          "column": 60
        }
      },
      "10": {
        "start": {
          "line": 20,
          "column": 2
        },
        "end": {
          "line": 20,
          "column": 51
        }
      },
      "11": {
        "start": {
          "line": 20,
          "column": 36
        },
        "end": {
          "line": 20,
          "column": 48
        }
      },
      "12": {
        "start": {
          "line": 23,
          "column": 2
        },
        "end": {
          "line": 25,
          "column": 3
        }
      },
      "13": {
        "start": {
          "line": 24,
          "column": 4
        },
        "end": {
          "line": 24,
          "column": 36
        }
      },
      "14": {
        "start": {
          "line": 26,
          "column": 2
        },
        "end": {
          "line": 28,
          "column": 3
        }
      },
      "15": {
        "start": {
          "line": 27,
          "column": 4
        },
        "end": {
          "line": 27,
          "column": 30
        }
      },
      "16": {
        "start": {
          "line": 29,
          "column": 2
        },
        "end": {
          "line": 29,
          "column": 15
        }
      },
      "17": {
        "start": {
          "line": 32,
          "column": 2
        },
        "end": {
          "line": 32,
          "column": 22
        }
      },
      "18": {
        "start": {
          "line": 35,
          "column": 15
        },
        "end": {
          "line": 35,
          "column": 27
        }
      },
      "19": {
        "start": {
          "line": 36,
          "column": 2
        },
        "end": {
          "line": 39,
          "column": 4
        }
      },
      "20": {
        "start": {
          "line": 38,
          "column": 25
        },
        "end": {
          "line": 38,
          "column": 36
        }
      }
    },
    "fnMap": {
      "0": {
        "name": "computeOffset",
        "decl": {
          "start": {
            "line": 3,
            "column": 16
          },
          "end": {
            "line": 3,
            "column": 29
          }
        },
        "loc": {
          "start": {
            "line": 3,
            "column": 48
          },
          "end": {
            "line": 15,
            "column": 1
          }
        },
        "line": 3
      },
      "1": {
        "name": "keysAddPrefix",
        "decl": {
          "start": {
            "line": 16,
            "column": 16
          },
          "end": {
            "line": 16,
            "column": 29
          }
        },
        "loc": {
          "start": {
            "line": 16,
            "column": 45
          },
          "end": {
            "line": 18,
            "column": 1
          }
        },
        "line": 16
      },
      "2": {
        "name": "(anonymous_2)",
        "decl": {
          "start": {
            "line": 17,
            "column": 24
          },
          "end": {
            "line": 17,
            "column": 25
          }
        },
        "loc": {
          "start": {
            "line": 17,
            "column": 36
          },
          "end": {
            "line": 17,
            "column": 60
          }
        },
        "line": 17
      },
      "3": {
        "name": "arrToObject",
        "decl": {
          "start": {
            "line": 19,
            "column": 9
          },
          "end": {
            "line": 19,
            "column": 20
          }
        },
        "loc": {
          "start": {
            "line": 19,
            "column": 40
          },
          "end": {
            "line": 21,
            "column": 1
          }
        },
        "line": 19
      },
      "4": {
        "name": "(anonymous_4)",
        "decl": {
          "start": {
            "line": 20,
            "column": 27
          },
          "end": {
            "line": 20,
            "column": 28
          }
        },
        "loc": {
          "start": {
            "line": 20,
            "column": 36
          },
          "end": {
            "line": 20,
            "column": 48
          }
        },
        "line": 20
      },
      "5": {
        "name": "allToObject",
        "decl": {
          "start": {
            "line": 22,
            "column": 16
          },
          "end": {
            "line": 22,
            "column": 27
          }
        },
        "loc": {
          "start": {
            "line": 22,
            "column": 41
          },
          "end": {
            "line": 30,
            "column": 1
          }
        },
        "line": 22
      },
      "6": {
        "name": "addUnit",
        "decl": {
          "start": {
            "line": 31,
            "column": 16
          },
          "end": {
            "line": 31,
            "column": 23
          }
        },
        "loc": {
          "start": {
            "line": 31,
            "column": 31
          },
          "end": {
            "line": 33,
            "column": 1
          }
        },
        "line": 31
      },
      "7": {
        "name": "createNamespace",
        "decl": {
          "start": {
            "line": 34,
            "column": 16
          },
          "end": {
            "line": 34,
            "column": 31
          }
        },
        "loc": {
          "start": {
            "line": 34,
            "column": 37
          },
          "end": {
            "line": 40,
            "column": 1
          }
        },
        "line": 34
      },
      "8": {
        "name": "(anonymous_8)",
        "decl": {
          "start": {
            "line": 38,
            "column": 15
          },
          "end": {
            "line": 38,
            "column": 16
          }
        },
        "loc": {
          "start": {
            "line": 38,
            "column": 25
          },
          "end": {
            "line": 38,
            "column": 36
          }
        },
        "line": 38
      }
    },
    "branchMap": {
      "0": {
        "loc": {
          "start": {
            "line": 3,
            "column": 30
          },
          "end": {
            "line": 3,
            "column": 46
          }
        },
        "type": "default-arg",
        "locations": [
          {
            "start": {
              "line": 3,
              "column": 39
            },
            "end": {
              "line": 3,
              "column": 46
            }
          }
        ],
        "line": 3
      },
      "1": {
        "loc": {
          "start": {
            "line": 6,
            "column": 2
          },
          "end": {
            "line": 10,
            "column": 3
          }
        },
        "type": "if",
        "locations": [
          {
            "start": {
              "line": 6,
              "column": 2
            },
            "end": {
              "line": 10,
              "column": 3
            }
          },
          {
            "start": {
              "line": 8,
              "column": 9
            },
            "end": {
              "line": 10,
              "column": 3
            }
          }
        ],
        "line": 6
      },
      "2": {
        "loc": {
          "start": {
            "line": 8,
            "column": 9
          },
          "end": {
            "line": 10,
            "column": 3
          }
        },
        "type": "if",
        "locations": [
          {
            "start": {
              "line": 8,
              "column": 9
            },
            "end": {
              "line": 10,
              "column": 3
            }
          },
          {
            "start": {},
            "end": {}
          }
        ],
        "line": 8
      },
      "3": {
        "loc": {
          "start": {
            "line": 19,
            "column": 26
          },
          "end": {
            "line": 19,
            "column": 38
          }
        },
        "type": "default-arg",
        "locations": [
          {
            "start": {
              "line": 19,
              "column": 34
            },
            "end": {
              "line": 19,
              "column": 38
            }
          }
        ],
        "line": 19
      },
      "4": {
        "loc": {
          "start": {
            "line": 23,
            "column": 2
          },
          "end": {
            "line": 25,
            "column": 3
          }
        },
        "type": "if",
        "locations": [
          {
            "start": {
              "line": 23,
              "column": 2
            },
            "end": {
              "line": 25,
              "column": 3
            }
          },
          {
            "start": {},
            "end": {}
          }
        ],
        "line": 23
      },
      "5": {
        "loc": {
          "start": {
            "line": 26,
            "column": 2
          },
          "end": {
            "line": 28,
            "column": 3
          }
        },
        "type": "if",
        "locations": [
          {
            "start": {
              "line": 26,
              "column": 2
            },
            "end": {
              "line": 28,
              "column": 3
            }
          },
          {
            "start": {},
            "end": {}
          }
        ],
        "line": 26
      }
    },
    "s": {
      "0": 190,
      "1": 1614,
      "2": 1614,
      "3": 1614,
      "4": 436,
      "5": 1178,
      "6": 1178,
      "7": 1614,
      "8": 224,
      "9": 2016,
      "10": 856,
      "11": 1706,
      "12": 860,
      "13": 850,
      "14": 10,
      "15": 6,
      "16": 4,
      "17": 26535,
      "18": 408,
      "19": 408,
      "20": 80678
    },
    "f": {
      "0": 1614,
      "1": 224,
      "2": 2016,
      "3": 856,
      "4": 1706,
      "5": 860,
      "6": 26535,
      "7": 408,
      "8": 80678
    },
    "b": {
      "0": [
        6
      ],
      "1": [
        436,
        1178
      ],
      "2": [
        1178,
        0
      ],
      "3": [
        6
      ],
      "4": [
        850,
        10
      ],
      "5": [
        6,
        4
      ]
    },
    "inputSourceMap": {
      "version": 3,
      "sources": [
        "/Users/zhengpeixin/Documents/me/markdown-design/packages/vue-markdown-design/src/utils/format.ts"
      ],
      "mappings": "AAAA,SAAS,WAAW,WAAW,UAAU,WAAW,SAAS,kBAAkB;AAG/E,MAAM,wBAAwB,oBAAI,IAAI,CAAC,SAAS,OAAO,UAAU,SAAS,CAAC;AACpE,gBAAS,cAAc,SAAmD,SAAS;AACxF,MAAI,QAA+B;AACnC,MAAI,OAAO;AACX,MAAI,SAAS,MAAM,GAAG;AACpB,WAAO;AAAA,EACT,WAAW,sBAAsB,IAAI,MAAM,GAAG;AAC5C,YAAQ;AAAA,EACV;AACA,SAAO;AAAA,IACL;AAAA,IACA;AAAA,EACF;AACF;AAEO,gBAAS,cAA8C,OAAU,QAAW;AACjF,SAAO,QAAQ,OAAO,CAAC,GAAG,QAAQ,SAAS,WAAW,GAAG,CAAC;AAC5D;AAEA,SAAS,YAA0B,KAA0B,QAAQ,MAAM;AACzE,SAAO,UAAU,IAAI,IAAI,CAAC,QAAQ,CAAC,KAAK,KAAK,CAAC,CAAC;AACjD;AACO,gBAAS,YAA0B,OAAyB,MAAsB;AACvF,MAAI,UAAU,KAAK,GAAG;AACpB,WAAO,YAAY,MAAM,KAAK;AAAA,EAChC;AACA,MAAI,MAAM,QAAQ,KAAK,GAAG;AACxB,WAAO,YAAY,KAAK;AAAA,EAC1B;AACA,SAAO;AACT;AAEO,gBAAS,QAAQ,OAAe;AACrC,SAAO,GAAG,KAAK;AACjB;AAEO,gBAAS,gBAAgB,KAAa;AAC3C,QAAM,OAAO,OAAO,GAAG;AACvB,SAAO;AAAA,IACL;AAAA,IACA,WAAW,CAACA,SAAgB,OAAOA;AAAA,EACrC;AACF;",
      "names": [
        "str"
      ]
    },
    "_coverageSchema": "1a1c01bbd47fc00a2c39e90264f33305004495a9",
    "hash": "402190b9914823542b0216ec09a965e6680009d2"
  },
  "/Users/zhengpeixin/Documents/me/markdown-design/packages/vue-markdown-design/src/utils/dom.ts": {
    "path": "/Users/zhengpeixin/Documents/me/markdown-design/packages/vue-markdown-design/src/utils/dom.ts",
    "statementMap": {
      "0": {
        "start": {
          "line": 6,
          "column": 2
        },
        "end": {
          "line": 6,
          "column": 20
        }
      },
      "1": {
        "start": {
          "line": 8,
          "column": 22
        },
        "end": {
          "line": 20,
          "column": 1
        }
      },
      "2": {
        "start": {
          "line": 9,
          "column": 21
        },
        "end": {
          "line": 9,
          "column": 29
        }
      },
      "3": {
        "start": {
          "line": 10,
          "column": 34
        },
        "end": {
          "line": 10,
          "column": 41
        }
      },
      "4": {
        "start": {
          "line": 11,
          "column": 2
        },
        "end": {
          "line": 19,
          "column": 5
        }
      },
      "5": {
        "start": {
          "line": 16,
          "column": 6
        },
        "end": {
          "line": 16,
          "column": 22
        }
      },
      "6": {
        "start": {
          "line": 17,
          "column": 6
        },
        "end": {
          "line": 17,
          "column": 36
        }
      },
      "7": {
        "start": {
          "line": 21,
          "column": 27
        },
        "end": {
          "line": 26,
          "column": 1
        }
      },
      "8": {
        "start": {
          "line": 28,
          "column": 40
        },
        "end": {
          "line": 28,
          "column": 47
        }
      },
      "9": {
        "start": {
          "line": 29,
          "column": 26
        },
        "end": {
          "line": 29,
          "column": 47
        }
      },
      "10": {
        "start": {
          "line": 30,
          "column": 27
        },
        "end": {
          "line": 30,
          "column": 59
        }
      },
      "11": {
        "start": {
          "line": 31,
          "column": 2
        },
        "end": {
          "line": 41,
          "column": 5
        }
      },
      "12": {
        "start": {
          "line": 35,
          "column": 24
        },
        "end": {
          "line": 35,
          "column": 36
        }
      },
      "13": {
        "start": {
          "line": 36,
          "column": 21
        },
        "end": {
          "line": 39,
          "column": 5
        }
      },
      "14": {
        "start": {
          "line": 40,
          "column": 4
        },
        "end": {
          "line": 40,
          "column": 80
        }
      }
    },
    "fnMap": {
      "0": {
        "name": "setScrollTop",
        "decl": {
          "start": {
            "line": 5,
            "column": 9
          },
          "end": {
            "line": 5,
            "column": 21
          }
        },
        "loc": {
          "start": {
            "line": 5,
            "column": 34
          },
          "end": {
            "line": 7,
            "column": 1
          }
        },
        "line": 5
      },
      "1": {
        "name": "(anonymous_1)",
        "decl": {
          "start": {
            "line": 8,
            "column": 22
          },
          "end": {
            "line": 8,
            "column": 23
          }
        },
        "loc": {
          "start": {
            "line": 8,
            "column": 45
          },
          "end": {
            "line": 20,
            "column": 1
          }
        },
        "line": 8
      },
      "2": {
        "name": "(anonymous_2)",
        "decl": {
          "start": {
            "line": 15,
            "column": 14
          },
          "end": {
            "line": 15,
            "column": 15
          }
        },
        "loc": {
          "start": {
            "line": 15,
            "column": 23
          },
          "end": {
            "line": 18,
            "column": 5
          }
        },
        "line": 15
      },
      "3": {
        "name": "scrollToEl",
        "decl": {
          "start": {
            "line": 27,
            "column": 16
          },
          "end": {
            "line": 27,
            "column": 26
          }
        },
        "loc": {
          "start": {
            "line": 27,
            "column": 49
          },
          "end": {
            "line": 42,
            "column": 1
          }
        },
        "line": 27
      },
      "4": {
        "name": "(anonymous_4)",
        "decl": {
          "start": {
            "line": 34,
            "column": 13
          },
          "end": {
            "line": 34,
            "column": 14
          }
        },
        "loc": {
          "start": {
            "line": 34,
            "column": 38
          },
          "end": {
            "line": 41,
            "column": 3
          }
        },
        "line": 34
      }
    },
    "branchMap": {
      "0": {
        "loc": {
          "start": {
            "line": 27,
            "column": 35
          },
          "end": {
            "line": 27,
            "column": 47
          }
        },
        "type": "default-arg",
        "locations": [
          {
            "start": {
              "line": 27,
              "column": 45
            },
            "end": {
              "line": 27,
              "column": 47
            }
          }
        ],
        "line": 27
      },
      "1": {
        "loc": {
          "start": {
            "line": 38,
            "column": 10
          },
          "end": {
            "line": 38,
            "column": 47
          }
        },
        "type": "cond-expr",
        "locations": [
          {
            "start": {
              "line": 38,
              "column": 18
            },
            "end": {
              "line": 38,
              "column": 21
            }
          },
          {
            "start": {
              "line": 38,
              "column": 24
            },
            "end": {
              "line": 38,
              "column": 47
            }
          }
        ],
        "line": 38
      },
      "2": {
        "loc": {
          "start": {
            "line": 40,
            "column": 4
          },
          "end": {
            "line": 40,
            "column": 79
          }
        },
        "type": "cond-expr",
        "locations": [
          {
            "start": {
              "line": 40,
              "column": 13
            },
            "end": {
              "line": 40,
              "column": 54
            }
          },
          {
            "start": {
              "line": 40,
              "column": 57
            },
            "end": {
              "line": 40,
              "column": 79
            }
          }
        ],
        "line": 40
      }
    },
    "s": {
      "0": 2930,
      "1": 122,
      "2": 74,
      "3": 74,
      "4": 74,
      "5": 2644,
      "6": 2644,
      "7": 122,
      "8": 564,
      "9": 564,
      "10": 564,
      "11": 564,
      "12": 360,
      "13": 360,
      "14": 360
    },
    "f": {
      "0": 2930,
      "1": 74,
      "2": 2644,
      "3": 564,
      "4": 360
    },
    "b": {
      "0": [
        6
      ],
      "1": [
        6,
        354
      ],
      "2": [
        74,
        286
      ]
    },
    "inputSourceMap": {
      "version": 3,
      "sources": [
        "/Users/zhengpeixin/Documents/me/markdown-design/packages/vue-markdown-design/src/utils/dom.ts"
      ],
      "mappings": "AAAA,SAAS,eAA6B;AACtC,SAAS,MAAM,YAAY;AAC3B,SAAS,eAAsC;AAC/C,SAAS,qBAAqB;AAa9B,SAAS,aAAa,EAAE,IAAI,GAAG,GAAa;AAC1C,KAAG,YAAY;AACjB;AACA,MAAM,gBAAgB,CAAC,UAAoB,YAAkC;AAC3E,QAAM,EAAE,IAAI,GAAG,IAAI;AACnB,QAAM,EAAE,UAAU,GAAG,OAAO,IAAI;AAChC,UAAQ;AAAA,IACN,GAAG;AAAA,IACH,MAAM,GAAG;AAAA,IACT;AAAA,IACA,UAAU,CAAC,QAAQ;AACjB,iBAAW,GAAG;AACd,mBAAa,EAAE,IAAI,IAAI,IAAI,CAAC;AAAA,IAC9B;AAAA,EACF,CAAC;AACH;AACA,MAAM,qBAAmD;AAAA,EACvD;AAAA,EACA;AAAA,EACA;AAAA,EACA;AACF;AACO,gBAAS,WAAW,QAAiB,UAAyB,CAAC,GAAG;AACvE,QAAM,EAAE,QAAQ,QAAQ,GAAG,OAAO,IAAI;AACtC,QAAM,EAAE,OAAO,KAAK,IAAI,cAAc,MAAM;AAC5C,QAAM,mBAAmB,KAAK,QAAQ,kBAAkB;AACxD,UAAQ,QAAQ;AAAA,IACd,GAAG,KAAK,QAAQ,kBAAkB;AAAA,IAClC;AAAA,EACF,CAAC,EAAE,QAAQ,CAAC,cAAc,UAAU;AAClC,UAAM,EAAE,IAAI,IAAI,IAAI;AACpB,UAAM,WAAW;AAAA,MACf;AAAA,MACA,IAAI,QAAQ,MAAM,KAAK,IAAI,MAAM,MAAM,CAAC;AAAA,IAC1C;AACA,aAAS,cAAc,UAAU,gBAAgB,IAAI,aAAa,QAAQ;AAAA,EAC5E,CAAC;AACH;",
      "names": []
    },
    "_coverageSchema": "1a1c01bbd47fc00a2c39e90264f33305004495a9",
    "hash": "231ff63550578e0a5c26760b834f26a83d6f9637"
  },
  "/Users/zhengpeixin/Documents/me/markdown-design/packages/vue-markdown-design/src/hooks/use-scroll-element/index.ts": {
    "path": "/Users/zhengpeixin/Documents/me/markdown-design/packages/vue-markdown-design/src/hooks/use-scroll-element/index.ts",
    "statementMap": {
      "0": {
        "start": {
          "line": 6,
          "column": 33
        },
        "end": {
          "line": 6,
          "column": 58
        }
      },
      "1": {
        "start": {
          "line": 7,
          "column": 18
        },
        "end": {
          "line": 7,
          "column": 40
        }
      },
      "2": {
        "start": {
          "line": 9,
          "column": 13
        },
        "end": {
          "line": 9,
          "column": 15
        }
      },
      "3": {
        "start": {
          "line": 10,
          "column": 16
        },
        "end": {
          "line": 10,
          "column": 18
        }
      },
      "4": {
        "start": {
          "line": 11,
          "column": 2
        },
        "end": {
          "line": 20,
          "column": 3
        }
      },
      "5": {
        "start": {
          "line": 12,
          "column": 26
        },
        "end": {
          "line": 12,
          "column": 55
        }
      },
      "6": {
        "start": {
          "line": 13,
          "column": 4
        },
        "end": {
          "line": 16,
          "column": 5
        }
      },
      "7": {
        "start": {
          "line": 14,
          "column": 6
        },
        "end": {
          "line": 14,
          "column": 23
        }
      },
      "8": {
        "start": {
          "line": 15,
          "column": 6
        },
        "end": {
          "line": 15,
          "column": 28
        }
      },
      "9": {
        "start": {
          "line": 15,
          "column": 22
        },
        "end": {
          "line": 15,
          "column": 28
        }
      },
      "10": {
        "start": {
          "line": 17,
          "column": 27
        },
        "end": {
          "line": 17,
          "column": 31
        }
      },
      "11": {
        "start": {
          "line": 18,
          "column": 4
        },
        "end": {
          "line": 18,
          "column": 48
        }
      },
      "12": {
        "start": {
          "line": 18,
          "column": 42
        },
        "end": {
          "line": 18,
          "column": 48
        }
      },
      "13": {
        "start": {
          "line": 19,
          "column": 4
        },
        "end": {
          "line": 19,
          "column": 22
        }
      },
      "14": {
        "start": {
          "line": 21,
          "column": 2
        },
        "end": {
          "line": 21,
          "column": 39
        }
      },
      "15": {
        "start": {
          "line": 24,
          "column": 2
        },
        "end": {
          "line": 24,
          "column": 70
        }
      },
      "16": {
        "start": {
          "line": 24,
          "column": 50
        },
        "end": {
          "line": 24,
          "column": 68
        }
      },
      "17": {
        "start": {
          "line": 27,
          "column": 32
        },
        "end": {
          "line": 27,
          "column": 39
        }
      },
      "18": {
        "start": {
          "line": 28,
          "column": 23
        },
        "end": {
          "line": 28,
          "column": 47
        }
      },
      "19": {
        "start": {
          "line": 29,
          "column": 19
        },
        "end": {
          "line": 29,
          "column": 43
        }
      },
      "20": {
        "start": {
          "line": 30,
          "column": 17
        },
        "end": {
          "line": 44,
          "column": 3
        }
      },
      "21": {
        "start": {
          "line": 31,
          "column": 15
        },
        "end": {
          "line": 31,
          "column": 35
        }
      },
      "22": {
        "start": {
          "line": 32,
          "column": 4
        },
        "end": {
          "line": 35,
          "column": 5
        }
      },
      "23": {
        "start": {
          "line": 33,
          "column": 6
        },
        "end": {
          "line": 33,
          "column": 36
        }
      },
      "24": {
        "start": {
          "line": 34,
          "column": 6
        },
        "end": {
          "line": 34,
          "column": 13
        }
      },
      "25": {
        "start": {
          "line": 36,
          "column": 26
        },
        "end": {
          "line": 36,
          "column": 58
        }
      },
      "26": {
        "start": {
          "line": 37,
          "column": 4
        },
        "end": {
          "line": 40,
          "column": 5
        }
      },
      "27": {
        "start": {
          "line": 38,
          "column": 6
        },
        "end": {
          "line": 38,
          "column": 55
        }
      },
      "28": {
        "start": {
          "line": 39,
          "column": 6
        },
        "end": {
          "line": 39,
          "column": 13
        }
      },
      "29": {
        "start": {
          "line": 41,
          "column": 4
        },
        "end": {
          "line": 43,
          "column": 5
        }
      },
      "30": {
        "start": {
          "line": 42,
          "column": 6
        },
        "end": {
          "line": 42,
          "column": 37
        }
      },
      "31": {
        "start": {
          "line": 45,
          "column": 2
        },
        "end": {
          "line": 45,
          "column": 63
        }
      },
      "32": {
        "start": {
          "line": 45,
          "column": 14
        },
        "end": {
          "line": 45,
          "column": 34
        }
      },
      "33": {
        "start": {
          "line": 46,
          "column": 2
        },
        "end": {
          "line": 50,
          "column": 4
        }
      },
      "34": {
        "start": {
          "line": 47,
          "column": 10
        },
        "end": {
          "line": 47,
          "column": 75
        }
      },
      "35": {
        "start": {
          "line": 51,
          "column": 2
        },
        "end": {
          "line": 51,
          "column": 20
        }
      },
      "36": {
        "start": {
          "line": 52,
          "column": 2
        },
        "end": {
          "line": 52,
          "column": 30
        }
      }
    },
    "fnMap": {
      "0": {
        "name": "getScrollElement",
        "decl": {
          "start": {
            "line": 8,
            "column": 9
          },
          "end": {
            "line": 8,
            "column": 25
          }
        },
        "loc": {
          "start": {
            "line": 8,
            "column": 42
          },
          "end": {
            "line": 22,
            "column": 1
          }
        },
        "line": 8
      },
      "1": {
        "name": "isElement",
        "decl": {
          "start": {
            "line": 23,
            "column": 9
          },
          "end": {
            "line": 23,
            "column": 18
          }
        },
        "loc": {
          "start": {
            "line": 23,
            "column": 23
          },
          "end": {
            "line": 25,
            "column": 1
          }
        },
        "line": 23
      },
      "2": {
        "name": "(anonymous_2)",
        "decl": {
          "start": {
            "line": 24,
            "column": 40
          },
          "end": {
            "line": 24,
            "column": 41
          }
        },
        "loc": {
          "start": {
            "line": 24,
            "column": 50
          },
          "end": {
            "line": 24,
            "column": 68
          }
        },
        "line": 24
      },
      "3": {
        "name": "useScrollParent",
        "decl": {
          "start": {
            "line": 26,
            "column": 16
          },
          "end": {
            "line": 26,
            "column": 31
          }
        },
        "loc": {
          "start": {
            "line": 26,
            "column": 54
          },
          "end": {
            "line": 53,
            "column": 1
          }
        },
        "line": 26
      },
      "4": {
        "name": "(anonymous_4)",
        "decl": {
          "start": {
            "line": 30,
            "column": 17
          },
          "end": {
            "line": 30,
            "column": 18
          }
        },
        "loc": {
          "start": {
            "line": 30,
            "column": 23
          },
          "end": {
            "line": 44,
            "column": 3
          }
        },
        "line": 30
      },
      "5": {
        "name": "(anonymous_5)",
        "decl": {
          "start": {
            "line": 45,
            "column": 8
          },
          "end": {
            "line": 45,
            "column": 9
          }
        },
        "loc": {
          "start": {
            "line": 45,
            "column": 14
          },
          "end": {
            "line": 45,
            "column": 34
          }
        },
        "line": 45
      },
      "6": {
        "name": "(anonymous_6)",
        "decl": {
          "start": {
            "line": 47,
            "column": 4
          },
          "end": {
            "line": 47,
            "column": 5
          }
        },
        "loc": {
          "start": {
            "line": 47,
            "column": 10
          },
          "end": {
            "line": 47,
            "column": 75
          }
        },
        "line": 47
      }
    },
    "branchMap": {
      "0": {
        "loc": {
          "start": {
            "line": 11,
            "column": 9
          },
          "end": {
            "line": 11,
            "column": 59
          }
        },
        "type": "binary-expr",
        "locations": [
          {
            "start": {
              "line": 11,
              "column": 9
            },
            "end": {
              "line": 11,
              "column": 28
            }
          },
          {
            "start": {
              "line": 11,
              "column": 32
            },
            "end": {
              "line": 11,
              "column": 59
            }
          }
        ],
        "line": 11
      },
      "1": {
        "loc": {
          "start": {
            "line": 13,
            "column": 4
          },
          "end": {
            "line": 16,
            "column": 5
          }
        },
        "type": "if",
        "locations": [
          {
            "start": {
              "line": 13,
              "column": 4
            },
            "end": {
              "line": 16,
              "column": 5
            }
          },
          {
            "start": {},
            "end": {}
          }
        ],
        "line": 13
      },
      "2": {
        "loc": {
          "start": {
            "line": 15,
            "column": 6
          },
          "end": {
            "line": 15,
            "column": 28
          }
        },
        "type": "if",
        "locations": [
          {
            "start": {
              "line": 15,
              "column": 6
            },
            "end": {
              "line": 15,
              "column": 28
            }
          },
          {
            "start": {},
            "end": {}
          }
        ],
        "line": 15
      },
      "3": {
        "loc": {
          "start": {
            "line": 18,
            "column": 4
          },
          "end": {
            "line": 18,
            "column": 48
          }
        },
        "type": "if",
        "locations": [
          {
            "start": {
              "line": 18,
              "column": 4
            },
            "end": {
              "line": 18,
              "column": 48
            }
          },
          {
            "start": {},
            "end": {}
          }
        ],
        "line": 18
      },
      "4": {
        "loc": {
          "start": {
            "line": 21,
            "column": 9
          },
          "end": {
            "line": 21,
            "column": 38
          }
        },
        "type": "cond-expr",
        "locations": [
          {
            "start": {
              "line": 21,
              "column": 22
            },
            "end": {
              "line": 21,
              "column": 30
            }
          },
          {
            "start": {
              "line": 21,
              "column": 33
            },
            "end": {
              "line": 21,
              "column": 38
            }
          }
        ],
        "line": 21
      },
      "5": {
        "loc": {
          "start": {
            "line": 26,
            "column": 40
          },
          "end": {
            "line": 26,
            "column": 52
          }
        },
        "type": "default-arg",
        "locations": [
          {
            "start": {
              "line": 26,
              "column": 50
            },
            "end": {
              "line": 26,
              "column": 52
            }
          }
        ],
        "line": 26
      },
      "6": {
        "loc": {
          "start": {
            "line": 27,
            "column": 10
          },
          "end": {
            "line": 27,
            "column": 27
          }
        },
        "type": "default-arg",
        "locations": [
          {
            "start": {
              "line": 27,
              "column": 23
            },
            "end": {
              "line": 27,
              "column": 27
            }
          }
        ],
        "line": 27
      },
      "7": {
        "loc": {
          "start": {
            "line": 28,
            "column": 23
          },
          "end": {
            "line": 28,
            "column": 47
          }
        },
        "type": "cond-expr",
        "locations": [
          {
            "start": {
              "line": 28,
              "column": 36
            },
            "end": {
              "line": 28,
              "column": 42
            }
          },
          {
            "start": {
              "line": 28,
              "column": 45
            },
            "end": {
              "line": 28,
              "column": 47
            }
          }
        ],
        "line": 28
      },
      "8": {
        "loc": {
          "start": {
            "line": 32,
            "column": 4
          },
          "end": {
            "line": 35,
            "column": 5
          }
        },
        "type": "if",
        "locations": [
          {
            "start": {
              "line": 32,
              "column": 4
            },
            "end": {
              "line": 35,
              "column": 5
            }
          },
          {
            "start": {},
            "end": {}
          }
        ],
        "line": 32
      },
      "9": {
        "loc": {
          "start": {
            "line": 37,
            "column": 4
          },
          "end": {
            "line": 40,
            "column": 5
          }
        },
        "type": "if",
        "locations": [
          {
            "start": {
              "line": 37,
              "column": 4
            },
            "end": {
              "line": 40,
              "column": 5
            }
          },
          {
            "start": {},
            "end": {}
          }
        ],
        "line": 37
      },
      "10": {
        "loc": {
          "start": {
            "line": 41,
            "column": 4
          },
          "end": {
            "line": 43,
            "column": 5
          }
        },
        "type": "if",
        "locations": [
          {
            "start": {
              "line": 41,
              "column": 4
            },
            "end": {
              "line": 43,
              "column": 5
            }
          },
          {
            "start": {},
            "end": {}
          }
        ],
        "line": 41
      },
      "11": {
        "loc": {
          "start": {
            "line": 47,
            "column": 10
          },
          "end": {
            "line": 47,
            "column": 75
          }
        },
        "type": "cond-expr",
        "locations": [
          {
            "start": {
              "line": 47,
              "column": 42
            },
            "end": {
              "line": 47,
              "column": 56
            }
          },
          {
            "start": {
              "line": 47,
              "column": 59
            },
            "end": {
              "line": 47,
              "column": 75
            }
          }
        ],
        "line": 47
      }
    },
    "s": {
      "0": 110,
      "1": 110,
      "2": 5456,
      "3": 5456,
      "4": 5456,
      "5": 22570,
      "6": 22570,
      "7": 28,
      "8": 28,
      "9": 4,
      "10": 22566,
      "11": 22566,
      "12": 6,
      "13": 22560,
      "14": 5456,
      "15": 3364,
      "16": 6700,
      "17": 2516,
      "18": 2516,
      "19": 2516,
      "20": 2516,
      "21": 5464,
      "22": 5464,
      "23": 8,
      "24": 8,
      "25": 5456,
      "26": 5456,
      "27": 2116,
      "28": 2116,
      "29": 3340,
      "30": 4,
      "31": 2516,
      "32": 5464,
      "33": 2516,
      "34": 3578,
      "35": 2516,
      "36": 2516
    },
    "f": {
      "0": 5456,
      "1": 3364,
      "2": 6700,
      "3": 2516,
      "4": 5464,
      "5": 5464,
      "6": 3578
    },
    "b": {
      "0": [
        28016,
        28016
      ],
      "1": [
        28,
        22542
      ],
      "2": [
        4,
        24
      ],
      "3": [
        6,
        22560
      ],
      "4": [
        3340,
        2116
      ],
      "5": [
        1458
      ],
      "6": [
        1458
      ],
      "7": [
        1458,
        1058
      ],
      "8": [
        8,
        5456
      ],
      "9": [
        2116,
        3340
      ],
      "10": [
        4,
        3336
      ],
      "11": [
        2116,
        1462
      ]
    },
    "inputSourceMap": {
      "version": 3,
      "sources": [
        "/Users/zhengpeixin/Documents/me/markdown-design/packages/vue-markdown-design/src/hooks/use-scroll-element/index.ts"
      ],
      "mappings": "AAAA;AAAA,EACE;AAAA,EACA;AAAA,OAGK;AACP,SAAS,WAAW,YAAY,aAA8B;AAE9D,MAAM,WAAW,oBAAI,IAAI,CAAC,QAAQ,MAAM,CAAC;AACzC,MAAM,YAAY;AAClB,SAAS,iBAAiB,IAAa,YAAsB;AAC3D,MAAI,OAAO;AACX,QAAM,QAAmB,CAAC;AAC1B,SAAO,KAAK,aAAa,KAAK,CAAC,SAAS,IAAI,KAAK,OAAO,GAAG;AACzD,UAAM,EAAE,UAAU,IAAI,OAAO,iBAAiB,IAAI;AAClD,QAAI,UAAU,KAAK,SAAS,GAAG;AAC7B,YAAM,KAAK,IAAI;AACf,UAAI,WAAY;AAAA,IAClB;AACA,UAAM,EAAE,WAAW,IAAI;AACvB,QAAI,EAAE,sBAAsB,SAAU;AACtC,WAAO;AAAA,EACT;AACA,SAAO,aAAa,MAAM,CAAC,IAAI;AACjC;AAEA,SAAS,UAAU,IAAyC;AAC1D,SAAO,CAAC,aAAa,UAAU,EAAE,KAAK,CAAC,SAAS,cAAc,IAAI;AACpE;AAmBO,gBAAS,gBACd,QACA,UAA2C,CAAC,GACsB;AAClE,QAAM,EAAE,aAAa,KAAK,IAAI;AAC9B,QAAM,eAAe,aAAa,SAAY,CAAC;AAC/C,QAAM,WAAW,WAAsD,YAAY;AACnF,QAAM,SAAS,MAAM;AACnB,UAAM,KAAK,aAAa,MAAM;AAC9B,QAAI,CAAC,IAAI;AACP,eAAS,QAAQ;AACjB;AAAA,IACF;AACA,UAAM,gBAAgB,iBAAiB,IAAI,UAAU;AACrD,QAAI,MAAM,QAAQ,aAAa,GAAG;AAChC,eAAS,QAAQ,cAAc,OAAO,SAAS;AAC/C;AAAA,IACF;AACA,QAAI,UAAU,aAAa,GAAG;AAC5B,eAAS,QAAQ;AAAA,IACnB;AAAA,EACF;AACA,QAAM,MAAM,aAAa,MAAM,GAAG,QAAQ,EAAE,OAAO,OAAO,CAAC;AAC3D;AAAA,IACE,MAAO,MAAM,QAAQ,SAAS,KAAK,IAAI,SAAS,QAAQ,CAAC,SAAS,KAAK;AAAA,IACvE;AAAA,IACA,EAAE,iBAAiB,CAAC,SAAS,OAAO,EAAE;AAAA,EACxC;AACA,YAAU,MAAM;AAChB,SAAO,EAAE,UAAU,OAAO;AAC5B;",
      "names": []
    },
    "_coverageSchema": "1a1c01bbd47fc00a2c39e90264f33305004495a9",
    "hash": "9b684f7f37b7a30b5cefc3e58f11ad3aad2e09ef"
  },
  "/Users/zhengpeixin/Documents/me/markdown-design/packages/vue-markdown-design/src/utils/vue.ts": {
    "path": "/Users/zhengpeixin/Documents/me/markdown-design/packages/vue-markdown-design/src/utils/vue.ts",
    "statementMap": {
      "0": {
        "start": {
          "line": 3,
          "column": 2
        },
        "end": {
          "line": 12,
          "column": 4
        }
      },
      "1": {
        "start": {
          "line": 6,
          "column": 23
        },
        "end": {
          "line": 6,
          "column": 32
        }
      },
      "2": {
        "start": {
          "line": 7,
          "column": 6
        },
        "end": {
          "line": 7,
          "column": 44
        }
      },
      "3": {
        "start": {
          "line": 7,
          "column": 37
        },
        "end": {
          "line": 7,
          "column": 44
        }
      },
      "4": {
        "start": {
          "line": 8,
          "column": 29
        },
        "end": {
          "line": 8,
          "column": 64
        }
      },
      "5": {
        "start": {
          "line": 9,
          "column": 20
        },
        "end": {
          "line": 9,
          "column": 64
        }
      },
      "6": {
        "start": {
          "line": 10,
          "column": 6
        },
        "end": {
          "line": 10,
          "column": 62
        }
      },
      "7": {
        "start": {
          "line": 10,
          "column": 30
        },
        "end": {
          "line": 10,
          "column": 60
        }
      }
    },
    "fnMap": {
      "0": {
        "name": "withInstall",
        "decl": {
          "start": {
            "line": 2,
            "column": 16
          },
          "end": {
            "line": 2,
            "column": 27
          }
        },
        "loc": {
          "start": {
            "line": 2,
            "column": 53
          },
          "end": {
            "line": 13,
            "column": 1
          }
        },
        "line": 2
      },
      "1": {
        "name": "(anonymous_1)",
        "decl": {
          "start": {
            "line": 5,
            "column": 13
          },
          "end": {
            "line": 5,
            "column": 14
          }
        },
        "loc": {
          "start": {
            "line": 5,
            "column": 22
          },
          "end": {
            "line": 11,
            "column": 5
          }
        },
        "line": 5
      },
      "2": {
        "name": "(anonymous_2)",
        "decl": {
          "start": {
            "line": 10,
            "column": 20
          },
          "end": {
            "line": 10,
            "column": 21
          }
        },
        "loc": {
          "start": {
            "line": 10,
            "column": 30
          },
          "end": {
            "line": 10,
            "column": 60
          }
        },
        "line": 10
      }
    },
    "branchMap": {
      "0": {
        "loc": {
          "start": {
            "line": 2,
            "column": 39
          },
          "end": {
            "line": 2,
            "column": 51
          }
        },
        "type": "default-arg",
        "locations": [
          {
            "start": {
              "line": 2,
              "column": 49
            },
            "end": {
              "line": 2,
              "column": 51
            }
          }
        ],
        "line": 2
      },
      "1": {
        "loc": {
          "start": {
            "line": 7,
            "column": 6
          },
          "end": {
            "line": 7,
            "column": 44
          }
        },
        "type": "if",
        "locations": [
          {
            "start": {
              "line": 7,
              "column": 6
            },
            "end": {
              "line": 7,
              "column": 44
            }
          },
          {
            "start": {},
            "end": {}
          }
        ],
        "line": 7
      },
      "2": {
        "loc": {
          "start": {
            "line": 7,
            "column": 12
          },
          "end": {
            "line": 7,
            "column": 34
          }
        },
        "type": "binary-expr",
        "locations": [
          {
            "start": {
              "line": 7,
              "column": 12
            },
            "end": {
              "line": 7,
              "column": 16
            }
          },
          {
            "start": {
              "line": 7,
              "column": 20
            },
            "end": {
              "line": 7,
              "column": 34
            }
          }
        ],
        "line": 7
      },
      "3": {
        "loc": {
          "start": {
            "line": 8,
            "column": 29
          },
          "end": {
            "line": 8,
            "column": 64
          }
        },
        "type": "binary-expr",
        "locations": [
          {
            "start": {
              "line": 8,
              "column": 29
            },
            "end": {
              "line": 8,
              "column": 33
            }
          },
          {
            "start": {
              "line": 8,
              "column": 37
            },
            "end": {
              "line": 8,
              "column": 64
            }
          }
        ],
        "line": 8
      }
    },
    "s": {
      "0": 408,
      "1": 0,
      "2": 0,
      "3": 0,
      "4": 0,
      "5": 0,
      "6": 0,
      "7": 0
    },
    "f": {
      "0": 408,
      "1": 0,
      "2": 0
    },
    "b": {
      "0": [
        326
      ],
      "1": [
        0,
        0
      ],
      "2": [
        0,
        0
      ],
      "3": [
        0,
        0
      ]
    },
    "inputSourceMap": {
      "version": 3,
      "sources": [
        "/Users/zhengpeixin/Documents/me/markdown-design/packages/vue-markdown-design/src/utils/vue.ts"
      ],
      "mappings": "AAAA,SAAS,WAAW,kBAAkB;AAG/B,gBAAS,YAAiC,WAAc,UAAoB,CAAC,GAAG;AACrF,SAAO;AAAA,IACL,GAAG;AAAA,IACH,SAAS,CAAC,QAAa;AACrB,YAAM,EAAE,KAAK,IAAI;AACjB,UAAI,EAAE,QAAQ,QAAQ,QAAS;AAC/B,YAAM,iBAAiB,QAAQ,WAAW,UAAU,IAAI,CAAC;AACzD,YAAM,QAAQ,CAAC,gBAAgB,GAAG,OAAO,EAAE,OAAO,OAAO;AACzD,YAAM,QAAQ,CAAC,SAAS,IAAI,UAAU,MAAM,SAAS,CAAC;AAAA,IACxD;AAAA,EACF;AACF;",
      "names": []
    },
    "_coverageSchema": "1a1c01bbd47fc00a2c39e90264f33305004495a9",
    "hash": "3febed5696e408738c3aa57e8199915e6000a868"
  },
  "/Users/zhengpeixin/Documents/me/markdown-design/packages/vue-markdown-design/src/utils/functions.ts": {
    "path": "/Users/zhengpeixin/Documents/me/markdown-design/packages/vue-markdown-design/src/utils/functions.ts",
    "statementMap": {
      "0": {
        "start": {
          "line": 2,
          "column": 2
        },
        "end": {
          "line": 2,
          "column": 23
        }
      },
      "1": {
        "start": {
          "line": 2,
          "column": 16
        },
        "end": {
          "line": 2,
          "column": 23
        }
      },
      "2": {
        "start": {
          "line": 3,
          "column": 2
        },
        "end": {
          "line": 3,
          "column": 40
        }
      }
    },
    "fnMap": {
      "0": {
        "name": "runFnWithOptions",
        "decl": {
          "start": {
            "line": 1,
            "column": 16
          },
          "end": {
            "line": 1,
            "column": 32
          }
        },
        "loc": {
          "start": {
            "line": 1,
            "column": 46
          },
          "end": {
            "line": 4,
            "column": 1
          }
        },
        "line": 1
      }
    },
    "branchMap": {
      "0": {
        "loc": {
          "start": {
            "line": 2,
            "column": 2
          },
          "end": {
            "line": 2,
            "column": 23
          }
        },
        "type": "if",
        "locations": [
          {
            "start": {
              "line": 2,
              "column": 2
            },
            "end": {
              "line": 2,
              "column": 23
            }
          },
          {
            "start": {},
            "end": {}
          }
        ],
        "line": 2
      },
      "1": {
        "loc": {
          "start": {
            "line": 3,
            "column": 2
          },
          "end": {
            "line": 3,
            "column": 39
          }
        },
        "type": "cond-expr",
        "locations": [
          {
            "start": {
              "line": 3,
              "column": 21
            },
            "end": {
              "line": 3,
              "column": 25
            }
          },
          {
            "start": {
              "line": 3,
              "column": 28
            },
            "end": {
              "line": 3,
              "column": 39
            }
          }
        ],
        "line": 3
      }
    },
    "s": {
      "0": 4224,
      "1": 0,
      "2": 4224
    },
    "f": {
      "0": 4224
    },
    "b": {
      "0": [
        0,
        4224
      ],
      "1": [
        4206,
        18
      ]
    },
    "inputSourceMap": {
      "version": 3,
      "sources": [
        "/Users/zhengpeixin/Documents/me/markdown-design/packages/vue-markdown-design/src/utils/functions.ts"
      ],
      "mappings": "AAAO,gBAAS,iBAA+B,SAAsB,IAA2B;AAC9F,MAAI,CAAC,QAAS;AACd,cAAY,OAAO,GAAG,IAAI,GAAG,OAAO;AACtC;",
      "names": []
    },
    "_coverageSchema": "1a1c01bbd47fc00a2c39e90264f33305004495a9",
    "hash": "9e0a5ecaf27b62fb55c0e8090471dcaf146b8f57"
  },
  "/Users/zhengpeixin/Documents/me/markdown-design/packages/vue-markdown-design/src/render/Render.tsx": {
    "path": "/Users/zhengpeixin/Documents/me/markdown-design/packages/vue-markdown-design/src/render/Render.tsx",
    "statementMap": {
      "0": {
        "start": {
          "line": 12,
          "column": 23
        },
        "end": {
          "line": 15,
          "column": 1
        }
      },
      "1": {
        "start": {
          "line": 19,
          "column": 4
        },
        "end": {
          "line": 19,
          "column": 29
        }
      },
      "2": {
        "start": {
          "line": 20,
          "column": 27
        },
        "end": {
          "line": 66,
          "column": 1
        }
      },
      "3": {
        "start": {
          "line": 27,
          "column": 19
        },
        "end": {
          "line": 27,
          "column": 21
        }
      },
      "4": {
        "start": {
          "line": 67,
          "column": 27
        },
        "end": {
          "line": 69,
          "column": 1
        }
      },
      "5": {
        "start": {
          "line": 68,
          "column": 24
        },
        "end": {
          "line": 68,
          "column": 41
        }
      },
      "6": {
        "start": {
          "line": 70,
          "column": 20
        },
        "end": {
          "line": 177,
          "column": 2
        }
      },
      "7": {
        "start": {
          "line": 78,
          "column": 15
        },
        "end": {
          "line": 78,
          "column": 31
        }
      },
      "8": {
        "start": {
          "line": 81,
          "column": 4
        },
        "end": {
          "line": 87,
          "column": 7
        }
      },
      "9": {
        "start": {
          "line": 84,
          "column": 10
        },
        "end": {
          "line": 84,
          "column": 15
        }
      },
      "10": {
        "start": {
          "line": 85,
          "column": 6
        },
        "end": {
          "line": 85,
          "column": 26
        }
      },
      "11": {
        "start": {
          "line": 85,
          "column": 19
        },
        "end": {
          "line": 85,
          "column": 26
        }
      },
      "12": {
        "start": {
          "line": 86,
          "column": 6
        },
        "end": {
          "line": 86,
          "column": 27
        }
      },
      "13": {
        "start": {
          "line": 90,
          "column": 23
        },
        "end": {
          "line": 90,
          "column": 103
        }
      },
      "14": {
        "start": {
          "line": 91,
          "column": 4
        },
        "end": {
          "line": 95,
          "column": 7
        }
      },
      "15": {
        "start": {
          "line": 91,
          "column": 16
        },
        "end": {
          "line": 91,
          "column": 49
        }
      },
      "16": {
        "start": {
          "line": 91,
          "column": 38
        },
        "end": {
          "line": 91,
          "column": 48
        }
      },
      "17": {
        "start": {
          "line": 92,
          "column": 6
        },
        "end": {
          "line": 92,
          "column": 93
        }
      },
      "18": {
        "start": {
          "line": 92,
          "column": 43
        },
        "end": {
          "line": 92,
          "column": 90
        }
      },
      "19": {
        "start": {
          "line": 97,
          "column": 4
        },
        "end": {
          "line": 97,
          "column": 69
        }
      },
      "20": {
        "start": {
          "line": 98,
          "column": 4
        },
        "end": {
          "line": 118,
          "column": 7
        }
      },
      "21": {
        "start": {
          "line": 99,
          "column": 22
        },
        "end": {
          "line": 99,
          "column": 45
        }
      },
      "22": {
        "start": {
          "line": 100,
          "column": 6
        },
        "end": {
          "line": 114,
          "column": 7
        }
      },
      "23": {
        "start": {
          "line": 101,
          "column": 8
        },
        "end": {
          "line": 113,
          "column": 10
        }
      },
      "24": {
        "start": {
          "line": 106,
          "column": 14
        },
        "end": {
          "line": 106,
          "column": 18
        }
      },
      "25": {
        "start": {
          "line": 109,
          "column": 14
        },
        "end": {
          "line": 111,
          "column": 33
        }
      },
      "26": {
        "start": {
          "line": 112,
          "column": 10
        },
        "end": {
          "line": 112,
          "column": 23
        }
      },
      "27": {
        "start": {
          "line": 115,
          "column": 6
        },
        "end": {
          "line": 117,
          "column": 9
        }
      },
      "28": {
        "start": {
          "line": 122,
          "column": 4
        },
        "end": {
          "line": 122,
          "column": 75
        }
      },
      "29": {
        "start": {
          "line": 122,
          "column": 48
        },
        "end": {
          "line": 122,
          "column": 73
        }
      },
      "30": {
        "start": {
          "line": 124,
          "column": 4
        },
        "end": {
          "line": 124,
          "column": 68
        }
      },
      "31": {
        "start": {
          "line": 124,
          "column": 45
        },
        "end": {
          "line": 124,
          "column": 66
        }
      },
      "32": {
        "start": {
          "line": 126,
          "column": 4
        },
        "end": {
          "line": 142,
          "column": 7
        }
      },
      "33": {
        "start": {
          "line": 127,
          "column": 24
        },
        "end": {
          "line": 136,
          "column": 12
        }
      },
      "34": {
        "start": {
          "line": 132,
          "column": 30
        },
        "end": {
          "line": 134,
          "column": 11
        }
      },
      "35": {
        "start": {
          "line": 137,
          "column": 28
        },
        "end": {
          "line": 137,
          "column": 75
        }
      },
      "36": {
        "start": {
          "line": 138,
          "column": 6
        },
        "end": {
          "line": 141,
          "column": 9
        }
      },
      "37": {
        "start": {
          "line": 144,
          "column": 23
        },
        "end": {
          "line": 150,
          "column": 5
        }
      },
      "38": {
        "start": {
          "line": 147,
          "column": 10
        },
        "end": {
          "line": 147,
          "column": 15
        }
      },
      "39": {
        "start": {
          "line": 148,
          "column": 6
        },
        "end": {
          "line": 148,
          "column": 54
        }
      },
      "40": {
        "start": {
          "line": 148,
          "column": 35
        },
        "end": {
          "line": 148,
          "column": 54
        }
      },
      "41": {
        "start": {
          "line": 149,
          "column": 6
        },
        "end": {
          "line": 149,
          "column": 78
        }
      },
      "42": {
        "start": {
          "line": 149,
          "column": 35
        },
        "end": {
          "line": 149,
          "column": 76
        }
      },
      "43": {
        "start": {
          "line": 151,
          "column": 4
        },
        "end": {
          "line": 151,
          "column": 54
        }
      },
      "44": {
        "start": {
          "line": 151,
          "column": 35
        },
        "end": {
          "line": 151,
          "column": 52
        }
      },
      "45": {
        "start": {
          "line": 152,
          "column": 24
        },
        "end": {
          "line": 152,
          "column": 79
        }
      },
      "46": {
        "start": {
          "line": 153,
          "column": 17
        },
        "end": {
          "line": 153,
          "column": 24
        }
      },
      "47": {
        "start": {
          "line": 154,
          "column": 4
        },
        "end": {
          "line": 164,
          "column": 7
        }
      },
      "48": {
        "start": {
          "line": 154,
          "column": 16
        },
        "end": {
          "line": 154,
          "column": 50
        }
      },
      "49": {
        "start": {
          "line": 154,
          "column": 39
        },
        "end": {
          "line": 154,
          "column": 49
        }
      },
      "50": {
        "start": {
          "line": 158,
          "column": 10
        },
        "end": {
          "line": 158,
          "column": 15
        }
      },
      "51": {
        "start": {
          "line": 159,
          "column": 18
        },
        "end": {
          "line": 159,
          "column": 20
        }
      },
      "52": {
        "start": {
          "line": 160,
          "column": 6
        },
        "end": {
          "line": 160,
          "column": 76
        }
      },
      "53": {
        "start": {
          "line": 161,
          "column": 6
        },
        "end": {
          "line": 161,
          "column": 29
        }
      },
      "54": {
        "start": {
          "line": 165,
          "column": 4
        },
        "end": {
          "line": 167,
          "column": 7
        }
      },
      "55": {
        "start": {
          "line": 166,
          "column": 21
        },
        "end": {
          "line": 166,
          "column": 23
        }
      },
      "56": {
        "start": {
          "line": 168,
          "column": 4
        },
        "end": {
          "line": 175,
          "column": 15
        }
      },
      "57": {
        "start": {
          "line": 168,
          "column": 17
        },
        "end": {
          "line": 175,
          "column": 14
        }
      },
      "58": {
        "start": {
          "line": 179,
          "column": 0
        },
        "end": {
          "line": 179,
          "column": 32
        }
      },
      "59": {
        "start": {
          "line": 180,
          "column": 0
        },
        "end": {
          "line": 180,
          "column": 57
        }
      },
      "60": {
        "start": {
          "line": 181,
          "column": 0
        },
        "end": {
          "line": 183,
          "column": 2
        }
      },
      "61": {
        "start": {
          "line": 182,
          "column": 0
        },
        "end": {
          "line": 182,
          "column": 49
        }
      }
    },
    "fnMap": {
      "0": {
        "name": "(anonymous_0)",
        "decl": {
          "start": {
            "line": 27,
            "column": 13
          },
          "end": {
            "line": 27,
            "column": 14
          }
        },
        "loc": {
          "start": {
            "line": 27,
            "column": 19
          },
          "end": {
            "line": 27,
            "column": 21
          }
        },
        "line": 27
      },
      "1": {
        "name": "(anonymous_1)",
        "decl": {
          "start": {
            "line": 68,
            "column": 13
          },
          "end": {
            "line": 68,
            "column": 14
          }
        },
        "loc": {
          "start": {
            "line": 68,
            "column": 24
          },
          "end": {
            "line": 68,
            "column": 41
          }
        },
        "line": 68
      },
      "2": {
        "name": "(anonymous_2)",
        "decl": {
          "start": {
            "line": 74,
            "column": 2
          },
          "end": {
            "line": 74,
            "column": 3
          }
        },
        "loc": {
          "start": {
            "line": 77,
            "column": 5
          },
          "end": {
            "line": 176,
            "column": 3
          }
        },
        "line": 77
      },
      "3": {
        "name": "(anonymous_3)",
        "decl": {
          "start": {
            "line": 81,
            "column": 16
          },
          "end": {
            "line": 81,
            "column": 17
          }
        },
        "loc": {
          "start": {
            "line": 81,
            "column": 22
          },
          "end": {
            "line": 87,
            "column": 5
          }
        },
        "line": 81
      },
      "4": {
        "name": "(anonymous_4)",
        "decl": {
          "start": {
            "line": 91,
            "column": 10
          },
          "end": {
            "line": 91,
            "column": 11
          }
        },
        "loc": {
          "start": {
            "line": 91,
            "column": 16
          },
          "end": {
            "line": 91,
            "column": 49
          }
        },
        "line": 91
      },
      "5": {
        "name": "(anonymous_5)",
        "decl": {
          "start": {
            "line": 91,
            "column": 31
          },
          "end": {
            "line": 91,
            "column": 32
          }
        },
        "loc": {
          "start": {
            "line": 91,
            "column": 38
          },
          "end": {
            "line": 91,
            "column": 48
          }
        },
        "line": 91
      },
      "6": {
        "name": "(anonymous_6)",
        "decl": {
          "start": {
            "line": 91,
            "column": 51
          },
          "end": {
            "line": 91,
            "column": 52
          }
        },
        "loc": {
          "start": {
            "line": 91,
            "column": 57
          },
          "end": {
            "line": 93,
            "column": 5
          }
        },
        "line": 91
      },
      "7": {
        "name": "(anonymous_7)",
        "decl": {
          "start": {
            "line": 92,
            "column": 27
          },
          "end": {
            "line": 92,
            "column": 28
          }
        },
        "loc": {
          "start": {
            "line": 92,
            "column": 43
          },
          "end": {
            "line": 92,
            "column": 90
          }
        },
        "line": 92
      },
      "8": {
        "name": "(anonymous_8)",
        "decl": {
          "start": {
            "line": 98,
            "column": 16
          },
          "end": {
            "line": 98,
            "column": 17
          }
        },
        "loc": {
          "start": {
            "line": 98,
            "column": 22
          },
          "end": {
            "line": 118,
            "column": 5
          }
        },
        "line": 98
      },
      "9": {
        "name": "(anonymous_9)",
        "decl": {
          "start": {
            "line": 101,
            "column": 20
          },
          "end": {
            "line": 101,
            "column": 21
          }
        },
        "loc": {
          "start": {
            "line": 101,
            "column": 39
          },
          "end": {
            "line": 113,
            "column": 9
          }
        },
        "line": 101
      },
      "10": {
        "name": "(anonymous_10)",
        "decl": {
          "start": {
            "line": 122,
            "column": 37
          },
          "end": {
            "line": 122,
            "column": 38
          }
        },
        "loc": {
          "start": {
            "line": 122,
            "column": 48
          },
          "end": {
            "line": 122,
            "column": 73
          }
        },
        "line": 122
      },
      "11": {
        "name": "(anonymous_11)",
        "decl": {
          "start": {
            "line": 124,
            "column": 34
          },
          "end": {
            "line": 124,
            "column": 35
          }
        },
        "loc": {
          "start": {
            "line": 124,
            "column": 45
          },
          "end": {
            "line": 124,
            "column": 66
          }
        },
        "line": 124
      },
      "12": {
        "name": "(anonymous_12)",
        "decl": {
          "start": {
            "line": 126,
            "column": 35
          },
          "end": {
            "line": 126,
            "column": 36
          }
        },
        "loc": {
          "start": {
            "line": 126,
            "column": 53
          },
          "end": {
            "line": 142,
            "column": 5
          }
        },
        "line": 126
      },
      "13": {
        "name": "(anonymous_13)",
        "decl": {
          "start": {
            "line": 132,
            "column": 23
          },
          "end": {
            "line": 132,
            "column": 24
          }
        },
        "loc": {
          "start": {
            "line": 132,
            "column": 30
          },
          "end": {
            "line": 134,
            "column": 11
          }
        },
        "line": 132
      },
      "14": {
        "name": "(anonymous_14)",
        "decl": {
          "start": {
            "line": 144,
            "column": 23
          },
          "end": {
            "line": 144,
            "column": 24
          }
        },
        "loc": {
          "start": {
            "line": 144,
            "column": 29
          },
          "end": {
            "line": 150,
            "column": 5
          }
        },
        "line": 144
      },
      "15": {
        "name": "(anonymous_15)",
        "decl": {
          "start": {
            "line": 149,
            "column": 25
          },
          "end": {
            "line": 149,
            "column": 26
          }
        },
        "loc": {
          "start": {
            "line": 149,
            "column": 35
          },
          "end": {
            "line": 149,
            "column": 76
          }
        },
        "line": 149
      },
      "16": {
        "name": "(anonymous_16)",
        "decl": {
          "start": {
            "line": 151,
            "column": 25
          },
          "end": {
            "line": 151,
            "column": 26
          }
        },
        "loc": {
          "start": {
            "line": 151,
            "column": 35
          },
          "end": {
            "line": 151,
            "column": 52
          }
        },
        "line": 151
      },
      "17": {
        "name": "(anonymous_17)",
        "decl": {
          "start": {
            "line": 154,
            "column": 10
          },
          "end": {
            "line": 154,
            "column": 11
          }
        },
        "loc": {
          "start": {
            "line": 154,
            "column": 16
          },
          "end": {
            "line": 154,
            "column": 50
          }
        },
        "line": 154
      },
      "18": {
        "name": "(anonymous_18)",
        "decl": {
          "start": {
            "line": 154,
            "column": 32
          },
          "end": {
            "line": 154,
            "column": 33
          }
        },
        "loc": {
          "start": {
            "line": 154,
            "column": 39
          },
          "end": {
[...]
        "loc": {
          "start": {
            "line": 173,
            "column": 13
          },
          "end": {
            "line": 173,
            "column": 47
          }
        },
        "type": "binary-expr",
        "locations": [
          {
            "start": {
              "line": 173,
              "column": 13
            },
            "end": {
              "line": 173,
              "column": 16
            }
          },
          {
            "start": {
              "line": 173,
              "column": 20
            },
            "end": {
              "line": 173,
              "column": 47
            }
          }
        ],
        "line": 173
      },
      "12": {
        "loc": {
          "start": {
            "line": 196,
            "column": 8
          },
          "end": {
            "line": 212,
            "column": 6
          }
        },
        "type": "binary-expr",
        "locations": [
          {
            "start": {
              "line": 196,
              "column": 8
            },
            "end": {
              "line": 196,
              "column": 20
            }
          },
          {
            "start": {
              "line": 196,
              "column": 24
            },
            "end": {
              "line": 212,
              "column": 6
            }
          }
        ],
        "line": 196
      },
      "13": {
        "loc": {
          "start": {
            "line": 217,
            "column": 15
          },
          "end": {
            "line": 243,
            "column": 6
          }
        },
        "type": "binary-expr",
        "locations": [
          {
            "start": {
              "line": 217,
              "column": 15
            },
            "end": {
              "line": 217,
              "column": 31
            }
          },
          {
            "start": {
              "line": 217,
              "column": 35
            },
            "end": {
              "line": 243,
              "column": 6
            }
          }
        ],
        "line": 217
      },
      "14": {
        "loc": {
          "start": {
            "line": 230,
            "column": 10
          },
          "end": {
            "line": 236,
            "column": 16
          }
        },
        "type": "binary-expr",
        "locations": [
          {
            "start": {
              "line": 230,
              "column": 10
            },
            "end": {
              "line": 230,
              "column": 34
            }
          },
          {
            "start": {
              "line": 230,
              "column": 38
            },
            "end": {
              "line": 236,
              "column": 16
            }
          }
        ],
        "line": 230
      },
      "15": {
        "loc": {
          "start": {
            "line": 236,
            "column": 18
          },
          "end": {
            "line": 242,
            "column": 16
          }
        },
        "type": "binary-expr",
        "locations": [
          {
            "start": {
              "line": 236,
              "column": 18
            },
            "end": {
              "line": 236,
              "column": 45
            }
          },
          {
            "start": {
              "line": 236,
              "column": 49
            },
            "end": {
              "line": 242,
              "column": 16
            }
          }
        ],
        "line": 236
      },
      "16": {
        "loc": {
          "start": {
            "line": 246,
            "column": 22
          },
          "end": {
            "line": 261,
            "column": 10
          }
        },
        "type": "binary-expr",
        "locations": [
          {
            "start": {
              "line": 246,
              "column": 22
            },
            "end": {
              "line": 246,
              "column": 31
            }
          },
          {
            "start": {
              "line": 246,
              "column": 35
            },
            "end": {
              "line": 261,
              "column": 10
            }
          }
        ],
        "line": 246
      }
    },
    "s": {
      "0": 56,
      "1": 56,
      "2": 56,
      "3": 64,
      "4": 68,
      "5": 56,
      "6": 810,
      "7": 810,
      "8": 810,
      "9": 810,
      "10": 1620,
      "11": 810,
      "12": 810,
      "13": 30762,
      "14": 810,
      "15": 1710,
      "16": 25500,
      "17": 25500,
      "18": 25500,
      "19": 1710,
      "20": 5262,
      "21": 5262,
      "22": 5262,
      "23": 1968,
      "24": 5262,
      "25": 1710,
      "26": 810,
      "27": 810,
      "28": 830,
      "29": 810,
      "30": 334,
      "31": 12,
      "32": 12,
      "33": 810,
      "34": 810,
      "35": 810,
      "36": 1576,
      "37": 810,
      "38": 450,
      "39": 450,
      "40": 810,
      "41": 810,
      "42": 810,
      "43": 830,
      "44": 20,
      "45": 810,
      "46": 546,
      "47": 546,
      "48": 546,
      "49": 450,
      "50": 96,
      "51": 810,
      "52": 244,
      "53": 226,
      "54": 18,
      "55": 810,
      "56": 546,
      "57": 546,
      "58": 244,
      "59": 244,
      "60": 810,
      "61": 810,
      "62": 810,
      "63": 810,
      "64": 1590,
      "65": 1590,
      "66": 1590,
      "67": 512,
      "68": 1078,
      "69": 1078,
      "70": 1028,
      "71": 50,
      "72": 810,
      "73": 860,
      "74": 860,
      "75": 810,
      "76": 860,
      "77": 810,
      "78": 1846,
      "79": 810,
      "80": 24,
      "81": 66,
      "82": 16,
      "83": 16,
      "84": 14,
      "85": 10,
      "86": 810,
      "87": 1708,
      "88": 3852,
      "89": 182,
      "90": 54,
      "91": 968,
      "92": 52,
      "93": 50,
      "94": 1820,
      "95": 5054,
      "96": 56,
      "97": 56,
      "98": 56,
      "99": 0
    },
    "f": {
      "0": 64,
      "1": 68,
      "2": 810,
      "3": 1620,
      "4": 30762,
      "5": 1710,
      "6": 25500,
      "7": 5262,
      "8": 1968,
      "9": 5262,
      "10": 830,
      "11": 334,
      "12": 12,
      "13": 1576,
      "14": 450,
      "15": 830,
      "16": 20,
      "17": 546,
      "18": 244,
      "19": 546,
      "20": 244,
      "21": 1590,
      "22": 860,
      "23": 860,
      "24": 1846,
      "25": 24,
      "26": 66,
      "27": 16,
      "28": 16,
      "29": 14,
      "30": 10,
      "31": 1708,
      "32": 3852,
      "33": 182,
      "34": 54,
      "35": 968,
      "36": 52,
      "37": 50,
      "38": 1820,
      "39": 5054,
      "40": 0
    },
    "b": {
      "0": [
        14992,
        15770
      ],
      "1": [
        25500,
        0
      ],
      "2": [
        5262,
        0
      ],
      "3": [
        1576,
        828
      ],
      "4": [
        402
      ],
      "5": [
        450,
        96
      ],
      "6": [
        450,
        48
      ],
      "7": [
        226,
        18
      ],
      "8": [
        1590,
        1590
      ],
      "9": [
        512,
        1078
      ],
      "10": [
        1028,
        50
      ],
      "11": [
        860,
        212
      ],
      "12": [
        1708,
        668
      ],
      "13": [
        1708,
        384
      ],
      "14": [
        968,
        902
      ],
      "15": [
        968,
        944
      ],
      "16": [
        1820,
        968
      ]
    },
    "inputSourceMap": {
      "version": 3,
      "names": [
        "computed",
        "defineComponent",
        "shallowRef",
        "Transition",
        "watch",
        "Render",
        "renderProps",
        "Search",
        "searchProps",
        "TOC",
        "tocProps",
        "addUnit",
        "allToObject",
        "createNamespace",
        "keysAddPrefix",
        "renderEmits",
        "searchEmits",
        "tocEmits",
        "chain",
        "defaults",
        "isBoolean",
        "mapValues",
        "sum",
        "upperFirst",
        "values",
        "useElementBounding",
        "useVModels",
        "useWindowSize",
        "useScrollParent",
        "Sticky",
        "FontAwesomeIcon",
        "faList",
        "faMagnifyingGlass",
        "name",
        "addPrefix",
        "markdownProps",
        "keyword",
        "modelValue",
        "current",
        "tocOffset",
        "offset",
        "type",
        "showBtn",
        "Boolean",
        "Object",
        "default",
        "search",
        "toc",
        "offsetTop",
        "Number",
        "String",
        "offsetBottom",
        "miniScreenWidth",
        "emits",
        "payload",
        "props",
        "setup",
        "emit",
        "expose",
        "passive",
        "root",
        "width",
        "rootWidth",
        "height",
        "rootHeight",
        "isMiniScreen",
        "value",
        "wrapper",
        "getPrefixedKey",
        "key",
        "prefix",
        "createAttrs",
        "propAttrs",
        "emitAttrs",
        "targetProps",
        "_",
        "prefixedKey",
        "targetEmits",
        "arg",
        "mapKeys",
        "renderRef",
        "renderAttrs",
        "searchAttrs",
        "onClose",
        "searchRef",
        "searchRect",
        "searchIsOnMiniScreen",
        "offsetWithNum",
        "map",
        "tocRef",
        "tocRect",
        "src",
        "refresh",
        "tocDefaultOffset",
        "top",
        "onTOCClick",
        "tocAttrs",
        "onClick",
        "tocItem",
        "scrollEl",
        "scrollRect",
        "windowSize",
        "tocStyles",
        "scrollHeight",
        "Math",
        "min",
        "tocHeight",
        "content",
        "marginBottom",
        "showBtnWithObj",
        "btnCount",
        "filter",
        "length",
        "createBtnClass",
        "isActive",
        "tocRefresh",
        "tocScrollTo",
        "href",
        "scrollTo",
        "searchFocus",
        "focus",
        "searchBlur",
        "blur",
        "searchClear",
        "clear",
        "getMdit",
        "_createVNode",
        "_mergeProps",
        "$event"
      ],
      "sources": [
        "/Users/zhengpeixin/Documents/me/markdown-design/packages/vue-markdown-design/src/markdown/Markdown.tsx"
      ],
      "mappings": ";AAAA,OAAO,cAAc;AACrB,SACEA,QAAQ,EACRC,eAAe,EACfC,UAAU,EACVC,UAAU,EACVC,KAAK,QAGA,KAAK;AACZ,OAAOC,MAAM,IAAIC,WAAW,QAA6B,WAAW;AACpE,OAAOC,MAAM,IAAIC,WAAW,QAA6B,WAAW;AACpE,OAAOC,GAAG,IAAIC,QAAQ,QAAwC,QAAQ;AACtE,SAASC,OAAO,EAAEC,WAAW,EAAEC,eAAe,EAAEC,aAAa,QAAQ,iBAAiB;AAGtF,SAASC,WAAW,QAAQ,kBAAkB;AAC9C,SAASC,WAAW,QAAQ,kBAAkB;AAC9C,SAASC,QAAQ,QAAQ,YAAY;AACrC,SAASC,KAAK,EAAEC,QAAQ,EAAEC,SAAS,EAAEC,SAAS,EAAEC,GAAG,EAAEC,UAAU,EAAEC,MAAM,QAAQ,QAAQ;AACvF,SAASC,kBAAkB,EAAEC,UAAU,EAAEC,aAAa,QAAQ,cAAc;AAC5E,SAASC,eAAe,QAAQ,6BAA6B;AAC7D,OAAOC,MAAM,MAAM,WAAW;AAC9B,SAASC,eAAe,QAAQ,8BAA8B;AAC9D,SAASC,MAAM,EAAEC,iBAAiB,QAAQ,mCAAmC;AAE7E,MAAM;EAAEC,IAAI;EAAEC;AAAU,CAAC,GAAGrB,eAAe,CAAC,UAAU,CAAC;AAEvD,OAAO,MAAMsB,aAAa,GAAG;EAC3B,GAAG7B,WAAW;EACd,GAAGQ,aAAa,CAACN,WAAW,EAAE,QAAQ,CAAC;EACvC,GAAGM,aAAa,CAACJ,QAAQ,EAAE,KAAK,CAAC;EACjC0B,OAAO,EAAE5B,WAAW,CAAC6B,UAAU;EAC/BC,OAAO,EAAE9B,WAAW,CAAC8B,OAAO;EAC5BC,SAAS,EAAE7B,QAAQ,CAAC8B,MAAM,CAACC,IAAI;EAAE;EACjCC,OAAO,EAAE;IACPD,IAAI,EAAE,CAACE,OAAO,EAAEC,MAAM,CAA6C;IACnEC,OAAO,EAAE;EACX,CAAC;EACDC,MAAM,EAAEH,OAAO;EACfI,GAAG,EAAEJ,OAAO;EACZK,SAAS,EAAE,CAACC,MAAM,EAAEC,MAAM,CAAC;EAAE;EAC7BC,YAAY,EAAE;IACZV,IAAI,EAAE,CAACQ,MAAM,EAAEC,MAAM,CAAC;IACtBL,OAAO,EAAE;EACX,CAAC;EACDO,eAAe,EAAE;IACfX,IAAI,EAAE,CAACQ,MAAM,EAAEC,MAAM,CAAC;IACtBL,OAAO,EAAE;EACX;AACF,CAAC;AACD,MAAMQ,KAAK,GAAG;EACZ,GAAGtC,WAAW;EACd,GAAGD,aAAa,CAACE,WAAW,EAAE,QAAQ,CAAC;EACvC,GAAGF,aAAa,CAACG,QAAQ,EAAE,KAAK,CAAC;EACjC,gBAAgB,EAAED,WAAW,CAAC,mBAAmB,CAAC;EAClD,gBAAgB,EAAEA,WAAW,CAAC,gBAAgB,CAAC;EAC/C,eAAe,EAAGsC,OAAgB,IAAKlC,SAAS,CAACkC,OAAO,CAAC;EACzD,YAAY,EAAGA,OAAgB,IAAKlC,SAAS,CAACkC,OAAO;AACvD,CAAC;AACD,eAAerD,eAAe,CAAC;EAC7BgC,IAAI,EAAE,cAAc;EACpBsB,KAAK,EAAEpB,aAAa;EACpBkB,KAAK;EACLG,KAAKA,CAACD,KAAK,EAAE;IAAEE,IAAI;IAAEC;EAAO,CAAC,EAAE;IAC7B,MAAM;MAAEZ,MAAM;MAAEC,GAAG;MAAEX,OAAO;MAAEE;IAAQ,CAAC,GAAGZ,UAAU,CAAC6B,KAAK,EAAEE,IAAI,EAAE;MAAEE,OAAO,EAAE;IAAK,CAAC,CAAC;IAEpF,MAAMC,IAAI,GAAG1D,UAAU,CAAiB,CAAC;IACzC,MAAM;MAAE2D,KAAK,EAAEC,SAAS;MAAEC,MAAM,EAAEC;IAAW,CAAC,GAAGvC,kBAAkB,CAACmC,IAAI,CAAC;IACzE,MAAMK,YAAY,GAAGjE,QAAQ,CAAC,MAAM8D,SAAS,CAACI,KAAK,GAAGjB,MAAM,CAACM,KAAK,CAACH,eAAe,CAAC,CAAC;IAEpF,MAAMe,OAAO,GAAGjE,UAAU,CAAiB,CAAC;IAE5C,MAAMkE,cAAc,GAAGA,CAACC,GAAW,EAAEC,MAAe,KAClDA,MAAM,GAAGA,MAAM,GAAG/C,UAAU,CAAC8C,GAAG,CAAC,GAAGA,GAAG;IACzC,MAAME,WAAW,GAAGA,CAClBC,SAAY,EACZC,SAAY,EACZH,MAAU,KACP;MACH,MAAMI,WAAW,GAAGrD,SAAS,CAACmD,SAAS,EAAE,CAACG,CAAC,EAAEN,GAAG,KAAK;QACnD,MAAMO,WAAW,GAAGR,cAAc,CAACC,GAAG,EAAEC,MAAM,CAAC;QAC/C,IAAIM,WAAW,IAAIrB,KAAK,EAAE,OAAOA,KAAK,CAACqB,WAAW,CAAuB;MAC3E,CAAC,CAAC;MACF,MAAMC,WAAW,GAAG3D,KAAK,CAACuD,SAAS,CAAC,CACjCpD,SAAS,CAAC,CAACsD,CAAC,EAAEN,GAAG,KAAK;QACrB,MAAMO,WAAW,GAAGR,cAAc,CAACC,GAAG,EAAEC,MAAM,CAAC;QAC/C,IAAIM,WAAW,IAAIvB,KAAK,EAAE,OAAO,CAAC,GAAGyB,GAAU,KAAKrB,IAAI,CAACmB,WAAW,EAAS,GAAGE,GAAG,CAAC;MACtF,CAAC,CAAC,CACDC,OAAO,CAAC,CAACJ,CAAC,EAAEN,GAAG,KAAK,KAAK9C,UAAU,CAAC8C,GAAG,CAAC,EAAE,CAAC,CAC3CH,KAAK,CAAC,CAAC;MACV,OAAO;QACL,GAAIQ,WAA4C;QAChD,GAAGG;MACL,CAAC;IACH,CAAC;IAED,MAAMG,SAAS,GAAG9E,UAAU,CAAiB,CAAC;IAC9C,MAAM+E,WAAW,GAAGjF,QAAQ,CAAC,MAAMuE,WAAW,CAACjE,WAAW,EAAES,WAAW,CAAC,CAAC;IAEzE,MAAMmE,WAAW,GAAGlF,QAAQ,CAAC,OAAO;MAClC,GAAGuE,WAAW,CAAC/D,WAAW,EAAEQ,WAAW,EAAE,QAAQ,CAAC;MAClDmE,OAAO,EAAEA,CAAA,KAAM;QACbrC,MAAM,CAACoB,KAAK,GAAG,KAAK;QACpBT,IAAI,CAAC,aAAa,CAAC;MACrB;IACF,CAAC,CAAC,CAAC;IACH,MAAM2B,SAAS,GAAGlF,UAAU,CAAiB,CAAC;IAC9C,MAAMmF,UAAU,GAAG5D,kBAAkB,CAAC2D,SAAS,CAAC;IAChD,MAAME,oBAAoB,GAAGtF,QAAQ,CAAC,MAAMiE,YAAY,CAACC,KAAK,IAAInB,GAAG,CAACmB,KAAK,CAAC;IAE5E,MAAMqB,aAAa,GAAGvF,QAAQ,CAAC,MAAM;MACnC,MAAM;QAAEgD,SAAS,GAAG,CAAC;QAAEG;MAAa,CAAC,GAAGI,KAAK;MAC7C,OAAO,CAACP,SAAS,EAAEG,YAAY,CAAC,CAACqC,GAAG,CAACvC,MAAM,CAAC;IAC9C,CAAC,CAAC;IACF,MAAMwC,MAAM,GAAGvF,UAAU,CAAc,CAAC;IACxC,MAAMwF,OAAO,GAAGjE,kBAAkB,CAACgE,MAAM,CAAC;IAC1CrF,KAAK,CACH,MAAMmD,KAAK,CAACoC,GAAG,EACf,MAAMF,MAAM,CAACvB,KAAK,EAAE0B,OAAO,CAAC,CAC9B,CAAC;IACD,MAAMC,gBAAgB,GAAG7F,QAAQ,CAAC,MAAM;MACtC,MAAM,CAAC8F,GAAG,CAAC,GAAGP,aAAa,CAACrB,KAAK;MACjC,MAAM;QAAElB;MAAU,CAAC,GAAGO,KAAK;MAC3B,IAAI,CAACT,MAAM,CAACoB,KAAK,EAAE,OAAOlB,SAAS,IAAI8C,GAAG;MAC1C,OAAOA,GAAG,GAAGT,UAAU,CAACtB,MAAM,CAACG,KAAK;IACtC,CAAC,CAAC;IACF,MAAM6B,UAAU,GAAGA,CAAA,KAAM;MACvB,IAAI,CAAC9B,YAAY,CAACC,KAAK,EAAE;MACzBnB,GAAG,CAACmB,KAAK,GAAG,KAAK;IACnB,CAAC;IACD,MAAM8B,QAAQ,GAAGhG,QAAQ,CAAC,MAAM;MAC9B,MAAMgG,QAAQ,GAAGzB,WAAW,CAAC7D,QAAQ,EAAEO,QAAQ,EAAE,KAAK,CAAC;MACvD,OAAO;QACL,GAAGE,QAAQ,CAAC6E,QAAQ,EAAE;UACpBxD,MAAM,EAAEqD,gBAAgB,CAAC3B;QAC3B,CAAC,CAAC;QACF+B,OAAO,EAAGC,OAAgB,IAAK;UAC7BH,UAAU,CAAC,CAAC;UACZtC,IAAI,CAAC,UAAU,EAAEyC,OAAO,CAAC;QAC3B;MACF,CAAC;IACH,CAAC,CAAC;IACF,MAAM;MAAEC;IAAS,CAAC,GAAGvE,eAAe,CAACgC,IAAI,CAAC;IAC1C,MAAMwC,UAAU,GAAG3E,kBAAkB,CAAC0E,QAAQ,CAAC;IAC/C,MAAME,UAAU,GAAG1E,aAAa,CAAC,CAAC;IAClC,MAAM2E,SAAS,GAAGtG,QAAQ,CAAC,MAAM;MAC/B,MAAMwC,MAAM,GAAGlB,GAAG,CAACiE,aAAa,CAACrB,KAAK,CAAC;MACvC,MAAMqC,YAAY,GAAGC,IAAI,CAACC,GAAG,CAC3BL,UAAU,CAACrC,MAAM,CAACG,KAAK,IAAImC,UAAU,CAACtC,MAAM,CAACG,KAAK,EAClDF,UAAU,CAACE,KACb,CAAC;MACD,IAAID,YAAY,CAACC,KAAK,EAAE;QACtB,OAAO;UACLC,OAAO,EAAE;YACPN,KAAK,EAAElD,OAAO,CAACmD,SAAS,CAACI,KAAK,CAAC;YAC/BH,MAAM,EAAEpD,OAAO,CAAC4F,YAAY,GAAG/D,MAAM;UACvC;QACF,CAAC;MACH;MACA,MAAMkE,SAAS,GAAGhB,OAAO,CAAC3B,MAAM,CAACG,KAAK;MACtC,IAAIwC,SAAS,GAAGlE,MAAM,GAAG+D,YAAY,EAAE,OAAO,CAAC,CAAC;MAChD,OAAO;QACLpC,OAAO,EAAE;UAAEJ,MAAM,EAAEpD,OAAO,CAAC+F,SAAS;QAAE,CAAC;QACvCC,OAAO,EAAE;UACPC,YAAY,EAAEjG,OAAO,CAAC+F,SAAS,GAAGlE,MAAM,GAAG+D,YAAY;QACzD;MACF,CAAC;IACH,CAAC,CAAC;IAEF,MAAMM,cAAc,GAAG7G,QAAQ,CAAC,MAAM;MACpC,MAAM;QAAE+C,GAAG;QAAED;MAAO,CAAC,GAAGlC,WAAW,CAAC2C,KAAK,CAACb,OAAO,EAAE,CAAC,QAAQ,EAAE,KAAK,CAAC,CAAC;MACrE,OAAO;QACLI,MAAM;QACNC,GAAG,EAAEA,GAAG,IAAI,CAACuC,oBAAoB,CAACpB;MACpC,CAAC;IACH,CAAC,CAAC;IACF,MAAM4C,QAAQ,GAAG9G,QAAQ,CAAC,MAAMwB,MAAM,CAACqF,cAAc,CAAC3C,KAAK,CAAC,CAAC6C,MAAM,CAACpE,OAAO,CAAC,CAACqE,MAAM,CAAC;IACpF,MAAMC,cAAc,GAAIC,QAAiB,IAAK,CAC5ChF,SAAS,CAAC,YAAY,CAAC,EACvB;MAAE,CAACA,SAAS,CAAC,oBAAoB,CAAC,GAAGgF;IAAS,CAAC,CAChD;IAEDxD,MAAM,CAAC;MACLyD,UAAU,EAAEA,CAAA,KAAM1B,MAAM,CAACvB,KAAK,EAAE0B,OAAO,CAAC,CAAC;MACzCwB,WAAW,EAAGC,IAAa,IAAK5B,MAAM,CAACvB,KAAK,EAAEoD,QAAQ,CAACD,IAAI,CAAC;MAC5DE,WAAW,EAAEA,CAAA,KAAMnC,SAAS,CAAClB,KAAK,EAAEsD,KAAK,CAAC,CAAC;MAC3CC,UAAU,EAAEA,CAAA,KAAMrC,SAAS,CAAClB,KAAK,EAAEwD,IAAI,CAAC,CAAC;MACzCC,WAAW,EAAEA,CAAA,KAAMvC,SAAS,CAAClB,KAAK,EAAE0D,KAAK,CAAC,CAAC;MAC3CC,OAAO,EAAEA,CAAA,KAAM7C,SAAS,CAACd,KAAK,EAAE2D,OAAO,CAAC;IAC1C,CAAC,CAAC;IAEF,OAAO,MAAAC,YAAA;MAAA,OACKlE,IAAI;MAAA,SAAS,CAAC3B,IAAI,EAAE;QAAE,CAACC,SAAS,CAAC,SAAS,CAAC,GAAG,CAAC+B,YAAY,CAACC;MAAM,CAAC;IAAC,IAAA4D,YAAA;MAAA,OAClE3D,OAAO;MAAA,SAASjC,SAAS,CAAC,WAAW;IAAC,IAC7CY,MAAM,CAACoB,KAAK,IAAA4D,YAAA,CAAAjG,MAAA;MAAA,UACKsC,OAAO,CAACD,KAAK;MAAA,UAAUX,KAAK,CAACP;IAAS;MAAAH,OAAA,EAAAA,CAAA,MAAAiF,YAAA;QAAA,SACxC5F,SAAS,CAAC,UAAU;MAAC,IAAA4F,YAAA;QAAA,SACnB5F,SAAS,CAAC,gBAAgB;MAAC,IAAA4F,YAAA,CAAAvH,MAAA,EAAAwH,WAAA,CAE/B7C,WAAW,CAAChB,KAAK;QAAA,OAChBkB,SAAS;QAAA,cACLhD,OAAO,CAAC8B,KAAK;QAAA,uBAAA8D,MAAA,IAAb5F,OAAO,CAAC8B,KAAK,GAAA8D,MAAA;QAAA,WACL1F,OAAO,CAAC4B,KAAK;QAAA,oBAAA8D,MAAA,IAAb1F,OAAO,CAAC4B,KAAK,GAAA8D,MAAA;QAAA,UACtBhD,SAAS,CAACd;MAAK;IAAA,EAKhC,EAAA4D,YAAA,CAAAzH,MAAA,EAAA0H,WAAA,CAEK9C,WAAW,CAACf,KAAK;MAAA,OAChBc,SAAS;MAAA,SACP;QAAE,CAAC9C,SAAS,CAAC,kBAAkB,CAAC,GAAGoD,oBAAoB,CAACpB;MAAM;IAAC,WAEvE,CAAC,CAAC4C,QAAQ,CAAC5C,KAAK,IAAA4D,YAAA,CAAAjG,MAAA;MAAA;MAAA;MAAA,QAIP,KAAK;MAAA,UACHsC,OAAO,CAACD,KAAK;MAAA;MAAA,UAEbX,KAAK,CAACJ;IAAY;MAAAN,OAAA,EAAAA,CAAA,MAAAiF,YAAA;QAAA,SAEd5F,SAAS,CAAC,OAAO,CAAC;QAAA,SAAS;UAAE2B,KAAK,EAAE,GAAGiD,QAAQ,CAAC5C,KAAK,GAAG,EAAE;QAAK;MAAC,IACzE2C,cAAc,CAAC3C,KAAK,CAACnB,GAAG,IAAA+E,YAAA;QAAA,SAEd,CAAC5F,SAAS,CAAC,cAAc,CAAC,EAAE+E,cAAc,CAACnE,MAAM,CAACoB,KAAK,CAAC,CAAC;QAAA,WACvD+B,CAAA,KAAOnD,MAAM,CAACoB,KAAK,GAAG,CAACpB,MAAM,CAACoB;MAAM,IAAA4D,YAAA,CAAAhG,eAAA;QAAA;QAAA,QAEZE;MAAiB,UAErD,EACA6E,cAAc,CAAC3C,KAAK,CAACpB,MAAM,IAAAgF,YAAA;QAAA,SAEjB,CAAC5F,SAAS,CAAC,WAAW,CAAC,EAAE+E,cAAc,CAAClE,GAAG,CAACmB,KAAK,CAAC,CAAC;QAAA,WACjD+B,CAAA,KAAOlD,GAAG,CAACmB,KAAK,GAAG,CAACnB,GAAG,CAACmB;MAAM,IAAA4D,YAAA,CAAAhG,eAAA;QAAA;QAAA,QAENC;MAAM,UAE1C;IAAA,EAGN,IAAA+F,YAAA,CAAA3H,UAAA;MAAA,QAEe+B,SAAS,CAAC,OAAO;IAAC;MAAAW,OAAA,EAAAA,CAAA,MACjCE,GAAG,CAACmB,KAAK,IAAA4D,YAAA;QAAA,SACM5F,SAAS,CAAC,SAAS;MAAC,IAAA4F,YAAA,CAAAjG,MAAA;QAAA,UAChB+B,IAAI,CAACM,KAAK;QAAA,QAAQ,CAACD,YAAY,CAACC,KAAK;QAAA,UAAUX,KAAK,CAACP;MAAS;QAAAH,OAAA,EAAAA,CAAA,MAAAiF,YAAA;UAAA,SAChExB,SAAS,CAACpC,KAAK,CAACC,OAAO;UAAA,SAASjC,SAAS,CAAC,OAAO;QAAC,IAAA4F,YAAA,CAAArH,GAAA,EAAAsH,WAAA,CAEtD/B,QAAQ,CAAC9B,KAAK;UAAA,OACbuB,MAAM;UAAA,SACJa,SAAS,CAACpC,KAAK,CAACyC,OAAO;UAAA,UACtB3B,SAAS,CAACd;QAAK;MAAA,IAKhC;IAAA,IAGN;EACH;AACF,CAAC,CAAC",
      "ignoreList": []
    },
    "_coverageSchema": "1a1c01bbd47fc00a2c39e90264f33305004495a9",
    "hash": "57327a03ccbd58415d9a0a9ecae0fe190da777a1"
  },
  "/Users/zhengpeixin/Documents/me/markdown-design/packages/vue-markdown-design/src/markdown/index.ts": {
    "path": "/Users/zhengpeixin/Documents/me/markdown-design/packages/vue-markdown-design/src/markdown/index.ts",
    "statementMap": {
      "0": {
        "start": {
          "line": 3,
          "column": 27
        },
        "end": {
          "line": 3,
          "column": 49
        }
      }
    },
    "fnMap": {},
    "branchMap": {},
    "s": {
      "0": 56
    },
    "f": {},
    "b": {},
    "inputSourceMap": {
      "version": 3,
      "sources": [
        "/Users/zhengpeixin/Documents/me/markdown-design/packages/vue-markdown-design/src/markdown/index.ts"
      ],
      "mappings": "AAAA,SAAS,mBAAmB;AAC5B,OAAO,eAAe;AAEf,aAAM,cAAc,YAAY,SAAS;AAChD,eAAe;AACf,SAAS,qBAAqB;",
      "names": []
    },
    "_coverageSchema": "1a1c01bbd47fc00a2c39e90264f33305004495a9",
    "hash": "4c55d6f038f969b9cff5f83ed5b342a7eb24048d"
  }
}